#
# A fatal error has been detected by the Java Runtime Environment:
#
#  EXCEPTION_ACCESS_VIOLATION (0xc0000005) at pc=0x00007ffccb52aca8, pid=11408, tid=1888
#
# JRE version: Java(TM) SE Runtime Environment (12.0.2+10) (build 12.0.2+10)
# Java VM: Java HotSpot(TM) 64-Bit Server VM (12.0.2+10, mixed mode, sharing, tiered, compressed oops, g1 gc, windows-amd64)
# Problematic frame:
# C  [MSCTF.dll+0x2aca8]
#
# No core dump will be written. Minidumps are not enabled by default on client versions of Windows
#
# If you would like to submit a bug report, please visit:
#   http://bugreport.java.com/bugreport/crash.jsp
# The crash happened outside the Java Virtual Machine in native code.
# See problematic frame for where to report the bug.
#

---------------  S U M M A R Y ------------

Command Line: -Dosgi.requiredJavaVersion=1.8 -Dosgi.instance.area.default=@user.home/eclipse-workspace -XX:+UseG1GC -XX:+UseStringDeduplication --add-modules=ALL-SYSTEM -Dosgi.requiredJavaVersion=1.8 -Dosgi.dataAreaRequiresExplicitInit=true -Xms256m -Xmx1024m --add-modules=ALL-SYSTEM 

Host: Intel(R) Core(TM) i7-9700K CPU @ 3.60GHz, 8 cores, 15G,  Windows 10 , 64 bit Build 18362 (10.0.18362.329)
Time: Mon Jan  6 20:16:23 2020 Paris, Madrid elapsed time: 231 seconds (0d 0h 3m 51s)

---------------  T H R E A D  ---------------

Current thread (0x00000000042bb000):  JavaThread "main" [_thread_in_native, id=1888, stack(0x0000000000c00000,0x0000000000d00000)]

Stack: [0x0000000000c00000,0x0000000000d00000],  sp=0x0000000000cf9b80,  free space=998k
Native frames: (J=compiled Java code, j=interpreted, Vv=VM code, C=native code)
C  [MSCTF.dll+0x2aca8]
C  [MSCTF.dll+0x2a6cd]
C  [MSCTF.dll+0x426c9]
C  [MSCTF.dll+0x3ca24]
C  [MSCTF.dll+0x3563d]
C  [MSCTF.dll+0x3bc5b]
C  [MSCTF.dll+0x1eaab]
C  [MSCTF.dll+0x1ed94]
C  [USER32.dll+0x163ed]
C  [USER32.dll+0x159fc]
C  [USER32.dll+0x1238d]
C  [USER32.dll+0x28862]
C  [USER32.dll+0x12eb4]
C  [USER32.dll+0x12cef]
C  [USER32.dll+0x163ed]
C  [USER32.dll+0x159fc]
C  [USER32.dll+0x14e15]
C  [USER32.dll+0x147f3]
C  0x00000000142a393e

Java frames: (J=compiled Java code, j=interpreted, Vv=VM code)
J 3454  org.eclipse.swt.internal.win32.OS.DefWindowProc(JIJJ)J (0 bytes) @ 0x00000000142a389e [0x00000000142a3840+0x000000000000005e]
J 11954 c2 org.eclipse.swt.widgets.Scrollable.callWindowProc(JIJJ)J (21 bytes) @ 0x000000001418a098 [0x000000001418a040+0x0000000000000058]
J 19022 c2 org.eclipse.swt.widgets.Control.windowProc(JIJJ)J (1980 bytes) @ 0x0000000014c70f0c [0x0000000014c70d80+0x000000000000018c]
J 13650 c2 org.eclipse.swt.widgets.Canvas.windowProc(JIJJ)J (50 bytes) @ 0x00000000148d7418 [0x00000000148d73c0+0x0000000000000058]
J 6170 c2 org.eclipse.swt.widgets.Display.windowProc(JJJJ)J (108 bytes) @ 0x00000000144ee6e0 [0x00000000144ee560+0x0000000000000180]
v  ~StubRoutines::call_stub
J 3454  org.eclipse.swt.internal.win32.OS.DefWindowProc(JIJJ)J (0 bytes) @ 0x00000000142a389e [0x00000000142a3840+0x000000000000005e]
J 11954 c2 org.eclipse.swt.widgets.Scrollable.callWindowProc(JIJJ)J (21 bytes) @ 0x000000001418a098 [0x000000001418a040+0x0000000000000058]
J 19022 c2 org.eclipse.swt.widgets.Control.windowProc(JIJJ)J (1980 bytes) @ 0x0000000014c70f0c [0x0000000014c70d80+0x000000000000018c]
J 13650 c2 org.eclipse.swt.widgets.Canvas.windowProc(JIJJ)J (50 bytes) @ 0x00000000148d7418 [0x00000000148d73c0+0x0000000000000058]
J 6170 c2 org.eclipse.swt.widgets.Display.windowProc(JJJJ)J (108 bytes) @ 0x00000000144ee6e0 [0x00000000144ee560+0x0000000000000180]
v  ~StubRoutines::call_stub
j  org.eclipse.swt.internal.win32.OS.ImmSetCompositionFont(JLorg/eclipse/swt/internal/win32/LOGFONT;)Z+0
j  org.eclipse.swt.widgets.Caret.setIMEFont()V+109
j  org.eclipse.swt.widgets.Caret.setFocus()V+84
j  org.eclipse.swt.widgets.Canvas.WM_SETFOCUS(JJ)Lorg/eclipse/swt/internal/win32/LRESULT;+29
J 19022 c2 org.eclipse.swt.widgets.Control.windowProc(JIJJ)J (1980 bytes) @ 0x0000000014c720dc [0x0000000014c70d80+0x000000000000135c]
J 13650 c2 org.eclipse.swt.widgets.Canvas.windowProc(JIJJ)J (50 bytes) @ 0x00000000148d7418 [0x00000000148d73c0+0x0000000000000058]
J 6170 c2 org.eclipse.swt.widgets.Display.windowProc(JJJJ)J (108 bytes) @ 0x00000000144ee6e0 [0x00000000144ee560+0x0000000000000180]
v  ~StubRoutines::call_stub
j  org.eclipse.swt.internal.win32.OS.SetFocus(J)J+0
J 10811 c1 org.eclipse.swt.widgets.Control.forceFocus()Z (92 bytes) @ 0x000000000e18185c [0x000000000e1816c0+0x000000000000019c]
J 10755 c1 org.eclipse.swt.widgets.Composite.setFocus()Z (69 bytes) @ 0x000000000e16b5cc [0x000000000e16b3a0+0x000000000000022c]
j  org.eclipse.wb.internal.core.editor.multi.SourcePage.setFocus()V+4
j  org.eclipse.wb.internal.core.editor.multi.DefaultMultiMode.showPage(Lorg/eclipse/wb/core/editor/IEditorPage;)V+100
j  org.eclipse.wb.internal.core.editor.multi.DefaultMultiMode$1.widgetSelected(Lorg/eclipse/swt/events/SelectionEvent;)V+14
J 20041 c2 org.eclipse.swt.widgets.TypedListener.handleEvent(Lorg/eclipse/swt/widgets/Event;)V (1291 bytes) @ 0x0000000014d71260 [0x0000000014d6e280+0x0000000000002fe0]
J 12323 c2 org.eclipse.swt.widgets.EventTable.sendEvent(Lorg/eclipse/swt/widgets/Event;)V (592 bytes) @ 0x00000000146e6b08 [0x00000000146e6a60+0x00000000000000a8]
J 15727 c2 org.eclipse.swt.widgets.Widget.sendEvent(ILorg/eclipse/swt/widgets/Event;Z)V (88 bytes) @ 0x0000000014a00220 [0x00000000149ffae0+0x0000000000000740]
J 8943 c1 org.eclipse.swt.widgets.Widget.sendEvent(ILorg/eclipse/swt/widgets/Event;)V (8 bytes) @ 0x000000000de43d04 [0x000000000de43be0+0x0000000000000124]
j  org.eclipse.swt.widgets.Widget.notifyListeners(ILorg/eclipse/swt/widgets/Event;)V+19
j  org.eclipse.swt.custom.CTabFolder.setSelection(IZ)V+57
J 12514 c1 org.eclipse.swt.custom.CTabFolder.onMouse(Lorg/eclipse/swt/widgets/Event;)V (1520 bytes) @ 0x000000000e36b484 [0x000000000e36a560+0x0000000000000f24]
J 11967 c1 org.eclipse.swt.custom.CTabFolder.lambda$0(Lorg/eclipse/swt/widgets/Event;)V (310 bytes) @ 0x000000000cf0cc64 [0x000000000cf0b600+0x0000000000001664]
J 11966 c1 org.eclipse.swt.custom.CTabFolder$$Lambda$314.handleEvent(Lorg/eclipse/swt/widgets/Event;)V (9 bytes) @ 0x000000000cd0d874 [0x000000000cd0d7e0+0x0000000000000094]
J 12323 c2 org.eclipse.swt.widgets.EventTable.sendEvent(Lorg/eclipse/swt/widgets/Event;)V (592 bytes) @ 0x00000000146e6b08 [0x00000000146e6a60+0x00000000000000a8]
J 19018 c2 org.eclipse.swt.widgets.Display.runDeferredEvents()Z (109 bytes) @ 0x0000000014b23148 [0x0000000014b22ea0+0x00000000000002a8]
J 19296 c2 org.eclipse.swt.widgets.Display.readAndDispatch()Z (94 bytes) @ 0x0000000014bbaa60 [0x0000000014bba8a0+0x00000000000001c0]
J 21569% c1 org.eclipse.e4.ui.internal.workbench.swt.PartRenderingEngine$5.run()V (690 bytes) @ 0x000000000eb74244 [0x000000000eb6d760+0x0000000000006ae4]
j  org.eclipse.core.databinding.observable.Realm.runWithDefault(Lorg/eclipse/core/databinding/observable/Realm;Ljava/lang/Runnable;)V+12
j  org.eclipse.e4.ui.internal.workbench.swt.PartRenderingEngine.run(Lorg/eclipse/e4/ui/model/application/MApplicationElement;Lorg/eclipse/e4/core/contexts/IEclipseContext;)Ljava/lang/Object;+57
j  org.eclipse.e4.ui.internal.workbench.E4Workbench.createAndRunUI(Lorg/eclipse/e4/ui/model/application/MApplicationElement;)V+20
j  org.eclipse.ui.internal.Workbench.lambda$3(Lorg/eclipse/swt/widgets/Display;Lorg/eclipse/ui/application/WorkbenchAdvisor;[I)V+379
j  org.eclipse.ui.internal.Workbench$$Lambda$184.run()V+12
j  org.eclipse.core.databinding.observable.Realm.runWithDefault(Lorg/eclipse/core/databinding/observable/Realm;Ljava/lang/Runnable;)V+12
j  org.eclipse.ui.internal.Workbench.createAndRunWorkbench(Lorg/eclipse/swt/widgets/Display;Lorg/eclipse/ui/application/WorkbenchAdvisor;)I+16
j  org.eclipse.ui.PlatformUI.createAndRunWorkbench(Lorg/eclipse/swt/widgets/Display;Lorg/eclipse/ui/application/WorkbenchAdvisor;)I+2
j  org.eclipse.ui.internal.ide.application.IDEApplication.start(Lorg/eclipse/equinox/app/IApplicationContext;)Ljava/lang/Object;+113
j  org.eclipse.equinox.internal.app.EclipseAppHandle.run(Ljava/lang/Object;)Ljava/lang/Object;+138
j  org.eclipse.core.runtime.internal.adaptor.EclipseAppLauncher.runApplication(Ljava/lang/Object;)Ljava/lang/Object;+85
j  org.eclipse.core.runtime.internal.adaptor.EclipseAppLauncher.start(Ljava/lang/Object;)Ljava/lang/Object;+82
j  org.eclipse.core.runtime.adaptor.EclipseStarter.run(Ljava/lang/Object;)Ljava/lang/Object;+105
j  org.eclipse.core.runtime.adaptor.EclipseStarter.run([Ljava/lang/String;Ljava/lang/Runnable;)Ljava/lang/Object;+132
v  ~StubRoutines::call_stub
j  jdk.internal.reflect.NativeMethodAccessorImpl.invoke0(Ljava/lang/reflect/Method;Ljava/lang/Object;[Ljava/lang/Object;)Ljava/lang/Object;+0 java.base@12.0.2
j  jdk.internal.reflect.NativeMethodAccessorImpl.invoke(Ljava/lang/Object;[Ljava/lang/Object;)Ljava/lang/Object;+100 java.base@12.0.2
j  jdk.internal.reflect.DelegatingMethodAccessorImpl.invoke(Ljava/lang/Object;[Ljava/lang/Object;)Ljava/lang/Object;+6 java.base@12.0.2
j  java.lang.reflect.Method.invoke(Ljava/lang/Object;[Ljava/lang/Object;)Ljava/lang/Object;+59 java.base@12.0.2
j  org.eclipse.equinox.launcher.Main.invokeFramework([Ljava/lang/String;[Ljava/net/URL;)V+201
j  org.eclipse.equinox.launcher.Main.basicRun([Ljava/lang/String;)V+159
j  org.eclipse.equinox.launcher.Main.run([Ljava/lang/String;)I+4
v  ~StubRoutines::call_stub

siginfo: EXCEPTION_ACCESS_VIOLATION (0xc0000005), reading address 0x0000000000000020


Register to memory mapping:

RIP=0x00007ffccb52aca8 MSCTF.dll
RAX=0x0 is NULL
RBX=0x000000002cc88480 points into unknown readable memory: 78 21 5f cb fc 7f 00 00
RCX=0x0000000046f430e0 points into unknown readable memory: 00 00 00 00 00 00 00 00
RDX=0x0000000000000002 is an unknown value
RSP=0x0000000000cf9b80 is pointing into the stack for thread: 0x00000000042bb000
RBP=0x0 is NULL
RSI=0x0 is NULL
RDI=0x0000000040000000 points into unknown readable memory: 20 2f 2f 20 25 73 0b 00
R8 =0x00000000368396f0 points into unknown readable memory: 30 1e 5f cb fc 7f 00 00
R9 =0x0 is NULL
R10=0x0000000001682c00 points into unknown readable memory: 01 00 00 00 7a 23 7a 23
R11=0x0 is NULL
R12=
[error occurred during error reporting (printing register info), id 0xc0000005, EXCEPTION_ACCESS_VIOLATION (0xc0000005) at pc=0x00007ffc757b98df]

Registers:
RAX=0x0000000000000000, RBX=0x000000002cc88480, RCX=0x0000000046f430e0, RDX=0x0000000000000002
RSP=0x0000000000cf9b80, RBP=0x0000000000000000, RSI=0x0000000000000000, RDI=0x0000000040000000
R8 =0x00000000368396f0, R9 =0x0000000000000000, R10=0x0000000001682c00, R11=0x0000000000000000
R12=0x00000000ffffffff, R13=0x000000000905037b, R14=0x0000000000000000, R15=0x0000000000000000
RIP=0x00007ffccb52aca8, EFLAGS=0x0000000000010202

Top of Stack: (sp=0x0000000000cf9b80)
0x0000000000cf9b80:   0000000000cf9c50 0000000031568000
0x0000000000cf9b90:   0000000000dffa40 0000000000cfc2a0
0x0000000000cf9ba0:   00007ffc75d4cdac 0000000000cf9bf8
0x0000000000cf9bb0:   0000000000000000 0000000000000000
0x0000000000cf9bc0:   00000000042bb000 0000000000000000
0x0000000000cf9bd0:   0000bd23cd7736b6 00000000042b3258
0x0000000000cf9be0:   0000000000000001 00007ffc37a57750
0x0000000000cf9bf0:   0000000000000000 0000000000000002
0x0000000000cf9c00:   000000002cc884b8 00007ffccb52a6cd
0x0000000000cf9c10:   00000000042b3291 0000000000000002
0x0000000000cf9c20:   0000000000000000 0000000000000000
0x0000000000cf9c30:   00000000149b4548 00007ffcca04a0b0
0x0000000000cf9c40:   0000000000e01600 00000000042b0000
0x0000000000cf9c50:   3035376366633431 0000000000cf9c38
0x0000000000cf9c60:   000000000000000f 000000002b71cc50
0x0000000000cf9c70:   00000000000d0eac 0000000000cf9de0 

Instructions: (pc=0x00007ffccb52aca8)
0x00007ffccb52aba8:   00 00 48 85 c9 74 1e 48 8b 01 48 8b 40 30 83 bb
0x00007ffccb52abb8:   10 01 00 00 00 8b 93 e8 00 00 00 41 0f 95 c1 ff
0x00007ffccb52abc8:   15 eb fe 0c 00 48 8b 8b 30 01 00 00 48 85 c9 0f
0x00007ffccb52abd8:   85 f5 f6 02 00 89 bb f0 00 00 00 e9 79 fe ff ff
0x00007ffccb52abe8:   4c 89 6c 24 68 4c 8b e6 4c 8b ab a8 00 00 00 4d
0x00007ffccb52abf8:   8b 7e 08 49 8b 2e 41 8b 76 10 89 bb f0 00 00 00
0x00007ffccb52ac08:   4d 85 ed 0f 85 b5 f4 02 00 49 83 c6 18 89 bb f0
0x00007ffccb52ac18:   00 00 00 49 83 ec 01 75 cf 8b 74 24 38 33 ed 4c
0x00007ffccb52ac28:   8b 6c 24 68 44 8b fd 85 f6 0f 8e e1 fc ff ff 48
0x00007ffccb52ac38:   8b bb 58 02 00 00 41 bf 01 00 00 00 48 85 ff 0f
0x00007ffccb52ac48:   84 cb fc ff ff e9 b7 f4 02 00 0f 1f 40 00 66 66
0x00007ffccb52ac58:   0f 1f 84 00 00 00 00 00 8b c6 0f af 47 3c 4c 63
0x00007ffccb52ac68:   f0 4c 03 77 30 49 8b 0e 48 85 c9 74 0d 48 8b 01
0x00007ffccb52ac78:   48 8b 40 10 ff 15 36 fe 0c 00 49 8b 4e 08 48 85
0x00007ffccb52ac88:   c9 74 0d 48 8b 01 48 8b 40 10 ff 15 20 fe 0c 00
0x00007ffccb52ac98:   ff c6 3b 77 38 0f 8d 8e fd ff ff eb bb 48 8b 01
0x00007ffccb52aca8:   48 8b 40 20 e9 05 ff ff ff 4d 8b 66 48 4d 85 e4
0x00007ffccb52acb8:   0f 85 a0 f4 02 00 4d 8b 76 18 4d 85 f6 0f 84 5d
0x00007ffccb52acc8:   fc ff ff eb e4 0f 1f 00 8b 47 64 0f af c6 48 63
0x00007ffccb52acd8:   c8 48 03 4f 58 83 79 04 00 74 1a 48 8b 49 08 48
0x00007ffccb52ace8:   85 c9 74 11 48 8b 01 ba 01 00 00 00 48 8b 00 ff
0x00007ffccb52acf8:   15 bb fd 0c 00 ff c6 3b 77 60 0f 8d 42 fd ff ff
0x00007ffccb52ad08:   eb c6 ff 15 48 f6 0c 00 e9 42 fd ff ff cc cc cc
0x00007ffccb52ad18:   cc cc cc cc cc cc cc cc 48 89 5c 24 08 57 48 83
0x00007ffccb52ad28:   ec 20 48 8d 05 4f 82 0c 00 8b da 48 89 01 48 8b
0x00007ffccb52ad38:   f9 e8 62 f7 ff ff 48 8d 05 4b 82 0c 00 48 89 07
0x00007ffccb52ad48:   f6 c3 01 74 09 48 8b cf ff 15 02 f6 0c 00 48 8b
0x00007ffccb52ad58:   5c 24 30 48 8b c7 48 83 c4 20 5f c3 cc cc cc cc
0x00007ffccb52ad68:   cc cc cc cc 40 53 48 83 ec 20 48 8d 05 d7 81 0c
0x00007ffccb52ad78:   00 48 8b d9 48 89 01 48 8d 05 f2 81 0c 00 83 61
0x00007ffccb52ad88:   18 00 48 83 61 10 00 83 61 1c 00 48 89 41 08 ff
0x00007ffccb52ad98:   15 7b f5 0c 00 48 89 43 20 48 8d 05 f8 81 0c 00 


Stack slot to memory mapping:
stack at sp + 0 slots: 0x0000000000cf9c50 is pointing into the stack for thread: 0x00000000042bb000
stack at sp + 1 slots: 0x0000000031568000 is pointing into metadata
stack at sp + 2 slots: 0x0000000000dffa40 points into unknown readable memory: 09 00 00 00 06 00 00 00
stack at sp + 3 slots: 0x0000000000cfc2a0 is pointing into the stack for thread: 0x00000000042bb000
stack at sp + 4 slots: 0x00007ffc75d4cdac jvm.dll
stack at sp + 5 slots: 0x0000000000cf9bf8 is pointing into the stack for thread: 0x00000000042bb000
stack at sp + 6 slots: 0x0 is NULL
stack at sp + 7 slots: 0x0 is NULL


---------------  P R O C E S S  ---------------

Threads class SMR info:
_java_thread_list=0x00000000358c9e90, length=43, elements={
0x00000000042bb000, 0x0000000020ce6000, 0x0000000020ce7000, 0x0000000020d05000,
0x0000000020d08000, 0x0000000020d0b000, 0x0000000020d1e800, 0x00000000218aa000,
0x00000000219da000, 0x00000000219dc800, 0x00000000219de000, 0x00000000219e0800,
0x00000000219df000, 0x00000000219db000, 0x00000000219db800, 0x000000002d98f800,
0x000000002d98c000, 0x000000002d990000, 0x000000002d991000, 0x000000002d992800,
0x000000002d98e000, 0x000000002d998800, 0x000000002d993800, 0x000000002d996000,
0x000000002d99a000, 0x000000002d997000, 0x000000002d994800, 0x000000002d99b000,
0x000000002d995000, 0x0000000036383800, 0x0000000036381000, 0x0000000036384800,
0x000000003637e000, 0x000000003637f000, 0x0000000036385800, 0x0000000036386000,
0x000000003638b000, 0x000000003638c000, 0x000000003638c800, 0x0000000036387800,
0x0000000036389800, 0x0000000036387000, 0x000000002d997800
}

Java Threads: ( => current thread )
=>0x00000000042bb000 JavaThread "main" [_thread_in_native, id=1888, stack(0x0000000000c00000,0x0000000000d00000)]
  0x0000000020ce6000 JavaThread "Reference Handler" daemon [_thread_blocked, id=7716, stack(0x0000000021d20000,0x0000000021e20000)]
  0x0000000020ce7000 JavaThread "Finalizer" daemon [_thread_blocked, id=15240, stack(0x0000000021e20000,0x0000000021f20000)]
  0x0000000020d05000 JavaThread "Signal Dispatcher" daemon [_thread_blocked, id=14608, stack(0x0000000022050000,0x0000000022150000)]
  0x0000000020d08000 JavaThread "Attach Listener" daemon [_thread_blocked, id=1756, stack(0x0000000022150000,0x0000000022250000)]
  0x0000000020d0b000 JavaThread "C2 CompilerThread0" daemon [_thread_in_native, id=14488, stack(0x0000000022250000,0x0000000022350000)]
  0x0000000020d1e800 JavaThread "C1 CompilerThread0" daemon [_thread_blocked, id=15560, stack(0x0000000022350000,0x0000000022450000)]
  0x00000000218aa000 JavaThread "Sweeper thread" daemon [_thread_blocked, id=15364, stack(0x0000000022450000,0x0000000022550000)]
  0x00000000219da000 JavaThread "Common-Cleaner" daemon [_thread_blocked, id=14764, stack(0x0000000022550000,0x0000000022650000)]
  0x00000000219dc800 JavaThread "Service Thread" daemon [_thread_blocked, id=11192, stack(0x0000000022750000,0x0000000022850000)]
  0x00000000219de000 JavaThread "Active Thread: Equinox Container: 9aa74ecc-b414-4bb3-8ff1-ab20e9169221" [_thread_blocked, id=3728, stack(0x000000002dd80000,0x000000002de80000)]
  0x00000000219e0800 JavaThread "Framework Event Dispatcher: Equinox Container: 9aa74ecc-b414-4bb3-8ff1-ab20e9169221" daemon [_thread_blocked, id=10644, stack(0x000000002df80000,0x000000002e080000)]
  0x00000000219df000 JavaThread "Start Level: Equinox Container: 9aa74ecc-b414-4bb3-8ff1-ab20e9169221" daemon [_thread_blocked, id=15968, stack(0x000000002e080000,0x000000002e180000)]
  0x00000000219db000 JavaThread "SCR Component Actor" daemon [_thread_blocked, id=10236, stack(0x000000002e400000,0x000000002e500000)]
  0x00000000219db800 JavaThread "Bundle File Closer" daemon [_thread_blocked, id=14036, stack(0x000000002f980000,0x000000002fa80000)]
  0x000000002d98f800 JavaThread "Worker-JM" [_thread_blocked, id=276, stack(0x000000002fa80000,0x000000002fb80000)]
  0x000000002d98c000 JavaThread "EMF Reference Cleaner" daemon [_thread_blocked, id=2216, stack(0x0000000030000000,0x0000000030100000)]
  0x000000002d990000 JavaThread "Gogo shell" [_thread_blocked, id=15976, stack(0x000000002fce0000,0x000000002fde0000)]
  0x000000002d991000 JavaThread "Worker-0" [_thread_blocked, id=14460, stack(0x0000000034570000,0x0000000034670000)]
  0x000000002d992800 JavaThread "Java indexing" daemon [_thread_blocked, id=3768, stack(0x0000000038f30000,0x0000000039030000)]
  0x000000002d98e000 JavaThread "org.eclipse.jdt.internal.ui.text.JavaReconciler" daemon [_thread_blocked, id=15488, stack(0x0000000042680000,0x0000000042780000)]
  0x000000002d998800 JavaThread "EventAdmin Async Event Dispatcher Thread" daemon [_thread_blocked, id=13056, stack(0x0000000034470000,0x0000000034570000)]
  0x000000002d993800 JavaThread "Worker-2" [_thread_blocked, id=14596, stack(0x0000000045500000,0x0000000045600000)]
  0x000000002d996000 JavaThread "Worker-3" [_thread_blocked, id=12596, stack(0x0000000045600000,0x0000000045700000)]
  0x000000002d99a000 JavaThread "Worker-4" [_thread_blocked, id=12028, stack(0x0000000045700000,0x0000000045800000)]
  0x000000002d997000 JavaThread "Worker-5" [_thread_blocked, id=7728, stack(0x0000000045800000,0x0000000045900000)]
  0x000000002d994800 JavaThread "Worker-7" [_thread_blocked, id=7052, stack(0x0000000045a00000,0x0000000045b00000)]
  0x000000002d99b000 JavaThread "Worker-8" [_thread_blocked, id=16304, stack(0x0000000045b00000,0x0000000045c00000)]
  0x000000002d995000 JavaThread "Worker-9" [_thread_blocked, id=6852, stack(0x0000000045c00000,0x0000000045d00000)]
  0x0000000036383800 JavaThread "Thread-7" [_thread_blocked, id=3948, stack(0x0000000047670000,0x0000000047770000)]
  0x0000000036381000 JavaThread "ForkJoinPool.commonPool-worker-3" daemon [_thread_blocked, id=17240, stack(0x0000000047470000,0x0000000047570000)]
  0x0000000036384800 JavaThread "org.eclipse.jdt.internal.ui.text.JavaReconciler" daemon [_thread_blocked, id=16296, stack(0x0000000058f60000,0x0000000059060000)]
  0x000000003637e000 JavaThread "Worker-10" [_thread_blocked, id=13580, stack(0x0000000059460000,0x0000000059560000)]
  0x000000003637f000 JavaThread "Worker-12" [_thread_blocked, id=14940, stack(0x0000000059860000,0x0000000059960000)]
  0x0000000036385800 JavaThread "Worker-13" [_thread_blocked, id=15568, stack(0x0000000059960000,0x0000000059a60000)]
  0x0000000036386000 JavaThread "Worker-14" [_thread_blocked, id=5416, stack(0x0000000059e40000,0x0000000059f40000)]
  0x000000003638b000 JavaThread "Provisioning Event Dispatcher" daemon [_thread_blocked, id=11400, stack(0x0000000059a60000,0x0000000059b60000)]
  0x000000003638c000 JavaThread "Java2D Disposer" daemon [_thread_blocked, id=16264, stack(0x000000005b210000,0x000000005b310000)]
  0x000000003638c800 JavaThread "AWT-Shutdown" [_thread_blocked, id=17036, stack(0x000000005b5a0000,0x000000005b6a0000)]
  0x0000000036387800 JavaThread "AWT-Windows" daemon [_thread_in_native, id=13804, stack(0x000000005b6a0000,0x000000005b7a0000)]
  0x0000000036389800 JavaThread "Timer-1" daemon [_thread_blocked, id=15896, stack(0x000000005b9a0000,0x000000005baa0000)]
  0x0000000036387000 JavaThread "AWT-EventQueue-0" [_thread_blocked, id=13468, stack(0x0000000062100000,0x0000000062200000)]
  0x000000002d997800 JavaThread "TimerQueue" daemon [_thread_blocked, id=3960, stack(0x0000000031cb0000,0x0000000031db0000)]

Other Threads:
  0x0000000020ce5000 VMThread "VM Thread" [stack: 0x0000000021c20000,0x0000000021d20000] [id=8424]
  0x0000000021a78000 WatcherThread [stack: 0x0000000022850000,0x0000000022950000] [id=13200]
  0x00000000042ea000 GCTaskThread "GC Thread#0" [stack: 0x000000001dfa0000,0x000000001e0a0000] [id=10632]
  0x000000002b5a8800 GCTaskThread "GC Thread#1" [stack: 0x000000002c450000,0x000000002c550000] [id=11360]
  0x000000002bd53800 GCTaskThread "GC Thread#2" [stack: 0x000000002c550000,0x000000002c650000] [id=13812]
  0x000000002bd8e000 GCTaskThread "GC Thread#3" [stack: 0x000000002c7b0000,0x000000002c8b0000] [id=14500]
  0x000000002b387800 GCTaskThread "GC Thread#4" [stack: 0x000000002c8b0000,0x000000002c9b0000] [id=16072]
  0x000000002b388000 GCTaskThread "GC Thread#5" [stack: 0x000000002c9b0000,0x000000002cab0000] [id=13388]
  0x000000002b389000 GCTaskThread "GC Thread#6" [stack: 0x0000000033e70000,0x0000000033f70000] [id=5600]
  0x000000002b389800 GCTaskThread "GC Thread#7" [stack: 0x0000000033f70000,0x0000000034070000] [id=15152]
  0x00000000042f1800 ConcurrentGCThread "G1 Main Marker" [stack: 0x000000001e0a0000,0x000000001e1a0000] [id=14100]
  0x00000000042f3000 ConcurrentGCThread "G1 Conc#0" [stack: 0x000000001e1a0000,0x000000001e2a0000] [id=16076]
  0x000000002b38a000 ConcurrentGCThread "G1 Conc#1" [stack: 0x0000000034070000,0x0000000034170000] [id=16536]
  0x000000000433e800 ConcurrentGCThread "G1 Refine#0" [stack: 0x0000000020d20000,0x0000000020e20000] [id=1736]
  0x000000002bb40000 ConcurrentGCThread "G1 Refine#1" [stack: 0x000000002da80000,0x000000002db80000] [id=16204]
  0x000000002b642800 ConcurrentGCThread "G1 Refine#2" [stack: 0x000000002db80000,0x000000002dc80000] [id=10000]
  0x0000000021aec800 ConcurrentGCThread "G1 Refine#3" [stack: 0x000000002dc80000,0x000000002dd80000] [id=16876]
  0x0000000030d33000 ConcurrentGCThread "G1 Refine#4" [stack: 0x0000000038140000,0x0000000038240000] [id=16528]
  0x0000000020bdc800 ConcurrentGCThread "G1 Young RemSet Sampling" [stack: 0x0000000020e20000,0x0000000020f20000] [id=12768]
  0x0000000020be6000 ConcurrentGCThread "StrDedup" [stack: 0x0000000020f20000,0x0000000021020000] [id=1132]

Threads with active compile tasks:
C2 CompilerThread0  22128       4       org.eclipse.e4.core.internal.contexts.EclipseContext::invalidate (234 bytes)

VM state:not at safepoint (normal execution)

VM Mutex/Monitor currently owned by a thread: None

Heap address: 0x00000000c0000000, size: 1024 MB, Compressed Oops mode: 32-bit
Narrow klass base: 0x0000000800000000, Narrow klass shift: 3
Compressed class space size: 1073741824 Address: 0x0000000801190000

Heap:
 garbage-first heap   total 285696K, used 203668K [0x00000000c0000000, 0x0000000100000000)
  region size 1024K, 47 young (48128K), 3 survivors (3072K)
 Metaspace       used 138405K, capacity 149352K, committed 149492K, reserved 1179648K
  class space    used 16027K, capacity 19660K, committed 19788K, reserved 1048576K
Heap Regions: E=young(eden), S=young(survivor), O=old, HS=humongous(starts), HC=humongous(continues), CS=collection set, F=free, A=archive, TAMS=top-at-mark-start (previous, next)
|   0|0x00000000c0000000, 0x00000000c0100000, 0x00000000c0100000|100%| O|  |TAMS 0x00000000c0100000, 0x00000000c0000000| Untracked 
|   1|0x00000000c0100000, 0x00000000c0200000, 0x00000000c0200000|100%| O|  |TAMS 0x00000000c0200000, 0x00000000c0100000| Untracked 
|   2|0x00000000c0200000, 0x00000000c0300000, 0x00000000c0300000|100%| O|  |TAMS 0x00000000c0300000, 0x00000000c0200000| Untracked 
|   3|0x00000000c0300000, 0x00000000c0400000, 0x00000000c0400000|100%| O|  |TAMS 0x00000000c0400000, 0x00000000c0300000| Untracked 
|   4|0x00000000c0400000, 0x00000000c0500000, 0x00000000c0500000|100%| O|  |TAMS 0x00000000c0500000, 0x00000000c0400000| Untracked 
|   5|0x00000000c0500000, 0x00000000c0600000, 0x00000000c0600000|100%| O|  |TAMS 0x00000000c0600000, 0x00000000c0500000| Untracked 
|   6|0x00000000c0600000, 0x00000000c0700000, 0x00000000c0700000|100%| O|  |TAMS 0x00000000c0700000, 0x00000000c0600000| Untracked 
|   7|0x00000000c0700000, 0x00000000c0800000, 0x00000000c0800000|100%| O|  |TAMS 0x00000000c0800000, 0x00000000c0700000| Untracked 
|   8|0x00000000c0800000, 0x00000000c0900000, 0x00000000c0900000|100%| O|  |TAMS 0x00000000c0900000, 0x00000000c0800000| Untracked 
|   9|0x00000000c0900000, 0x00000000c0a00000, 0x00000000c0a00000|100%| O|  |TAMS 0x00000000c0a00000, 0x00000000c0900000| Untracked 
|  10|0x00000000c0a00000, 0x00000000c0b00000, 0x00000000c0b00000|100%| O|  |TAMS 0x00000000c0b00000, 0x00000000c0a00000| Untracked 
|  11|0x00000000c0b00000, 0x00000000c0c00000, 0x00000000c0c00000|100%| O|  |TAMS 0x00000000c0c00000, 0x00000000c0b00000| Untracked 
|  12|0x00000000c0c00000, 0x00000000c0d00000, 0x00000000c0d00000|100%| O|  |TAMS 0x00000000c0d00000, 0x00000000c0c00000| Untracked 
|  13|0x00000000c0d00000, 0x00000000c0e00000, 0x00000000c0e00000|100%| O|  |TAMS 0x00000000c0e00000, 0x00000000c0d00000| Untracked 
|  14|0x00000000c0e00000, 0x00000000c0f00000, 0x00000000c0f00000|100%| O|  |TAMS 0x00000000c0f00000, 0x00000000c0e00000| Untracked 
|  15|0x00000000c0f00000, 0x00000000c1000000, 0x00000000c1000000|100%| O|  |TAMS 0x00000000c1000000, 0x00000000c0f00000| Untracked 
|  16|0x00000000c1000000, 0x00000000c1100000, 0x00000000c1100000|100%|HS|  |TAMS 0x00000000c1000000, 0x00000000c1000000| Complete 
|  17|0x00000000c1100000, 0x00000000c1200000, 0x00000000c1200000|100%|HS|  |TAMS 0x00000000c1200000, 0x00000000c1100000| Complete 
|  18|0x00000000c1200000, 0x00000000c1300000, 0x00000000c1300000|100%| O|  |TAMS 0x00000000c1300000, 0x00000000c1200000| Untracked 
|  19|0x00000000c1300000, 0x00000000c1400000, 0x00000000c1400000|100%| O|  |TAMS 0x00000000c1400000, 0x00000000c1300000| Untracked 
|  20|0x00000000c1400000, 0x00000000c1500000, 0x00000000c1500000|100%| O|  |TAMS 0x00000000c1500000, 0x00000000c1400000| Untracked 
|  21|0x00000000c1500000, 0x00000000c1600000, 0x00000000c1600000|100%| O|  |TAMS 0x00000000c1600000, 0x00000000c1500000| Untracked 
|  22|0x00000000c1600000, 0x00000000c1700000, 0x00000000c1700000|100%| O|  |TAMS 0x00000000c1700000, 0x00000000c1600000| Untracked 
|  23|0x00000000c1700000, 0x00000000c1800000, 0x00000000c1800000|100%| O|  |TAMS 0x00000000c1800000, 0x00000000c1700000| Untracked 
|  24|0x00000000c1800000, 0x00000000c1900000, 0x00000000c1900000|100%| O|  |TAMS 0x00000000c1900000, 0x00000000c1800000| Untracked 
|  25|0x00000000c1900000, 0x00000000c1a00000, 0x00000000c1a00000|100%| O|  |TAMS 0x00000000c1a00000, 0x00000000c1900000| Untracked 
|  26|0x00000000c1a00000, 0x00000000c1b00000, 0x00000000c1b00000|100%|HS|  |TAMS 0x00000000c1b00000, 0x00000000c1a00000| Complete 
|  27|0x00000000c1b00000, 0x00000000c1c00000, 0x00000000c1c00000|100%| O|  |TAMS 0x00000000c1c00000, 0x00000000c1b00000| Untracked 
|  28|0x00000000c1c00000, 0x00000000c1d00000, 0x00000000c1d00000|100%| O|  |TAMS 0x00000000c1d00000, 0x00000000c1c00000| Untracked 
|  29|0x00000000c1d00000, 0x00000000c1e00000, 0x00000000c1e00000|100%| O|  |TAMS 0x00000000c1e00000, 0x00000000c1d00000| Untracked 
|  30|0x00000000c1e00000, 0x00000000c1f00000, 0x00000000c1f00000|100%| O|  |TAMS 0x00000000c1f00000, 0x00000000c1e00000| Untracked 
|  31|0x00000000c1f00000, 0x00000000c2000000, 0x00000000c2000000|100%| O|  |TAMS 0x00000000c2000000, 0x00000000c1f00000| Untracked 
|  32|0x00000000c2000000, 0x00000000c2100000, 0x00000000c2100000|100%| O|  |TAMS 0x00000000c2100000, 0x00000000c2000000| Untracked 
|  33|0x00000000c2100000, 0x00000000c2200000, 0x00000000c2200000|100%| O|  |TAMS 0x00000000c2200000, 0x00000000c2100000| Untracked 
|  34|0x00000000c2200000, 0x00000000c2300000, 0x00000000c2300000|100%| O|  |TAMS 0x00000000c2300000, 0x00000000c2200000| Untracked 
|  35|0x00000000c2300000, 0x00000000c2400000, 0x00000000c2400000|100%| O|  |TAMS 0x00000000c2400000, 0x00000000c2300000| Untracked 
|  36|0x00000000c2400000, 0x00000000c2500000, 0x00000000c2500000|100%| O|  |TAMS 0x00000000c2500000, 0x00000000c2400000| Untracked 
|  37|0x00000000c2500000, 0x00000000c2600000, 0x00000000c2600000|100%| O|  |TAMS 0x00000000c2600000, 0x00000000c2500000| Untracked 
|  38|0x00000000c2600000, 0x00000000c2700000, 0x00000000c2700000|100%|HS|  |TAMS 0x00000000c2600000, 0x00000000c2600000| Complete 
|  39|0x00000000c2700000, 0x00000000c2800000, 0x00000000c2800000|100%| O|  |TAMS 0x00000000c2800000, 0x00000000c2700000| Untracked 
|  40|0x00000000c2800000, 0x00000000c2900000, 0x00000000c2900000|100%| O|  |TAMS 0x00000000c2900000, 0x00000000c2800000| Untracked 
|  41|0x00000000c2900000, 0x00000000c2a00000, 0x00000000c2a00000|100%| O|  |TAMS 0x00000000c2a00000, 0x00000000c2900000| Untracked 
|  42|0x00000000c2a00000, 0x00000000c2b00000, 0x00000000c2b00000|100%| O|  |TAMS 0x00000000c2b00000, 0x00000000c2a00000| Untracked 
|  43|0x00000000c2b00000, 0x00000000c2c00000, 0x00000000c2c00000|100%| O|  |TAMS 0x00000000c2c00000, 0x00000000c2b00000| Untracked 
|  44|0x00000000c2c00000, 0x00000000c2d00000, 0x00000000c2d00000|100%| O|  |TAMS 0x00000000c2d00000, 0x00000000c2c00000| Untracked 
|  45|0x00000000c2d00000, 0x00000000c2e00000, 0x00000000c2e00000|100%| O|  |TAMS 0x00000000c2e00000, 0x00000000c2d00000| Untracked 
|  46|0x00000000c2e00000, 0x00000000c2f00000, 0x00000000c2f00000|100%| O|  |TAMS 0x00000000c2f00000, 0x00000000c2e00000| Untracked 
|  47|0x00000000c2f00000, 0x00000000c3000000, 0x00000000c3000000|100%| O|  |TAMS 0x00000000c3000000, 0x00000000c2f00000| Untracked 
|  48|0x00000000c3000000, 0x00000000c3100000, 0x00000000c3100000|100%| O|  |TAMS 0x00000000c3100000, 0x00000000c3000000| Untracked 
|  49|0x00000000c3100000, 0x00000000c3200000, 0x00000000c3200000|100%| O|  |TAMS 0x00000000c3200000, 0x00000000c3100000| Untracked 
|  50|0x00000000c3200000, 0x00000000c3300000, 0x00000000c3300000|100%| O|  |TAMS 0x00000000c3300000, 0x00000000c3200000| Untracked 
|  51|0x00000000c3300000, 0x00000000c3400000, 0x00000000c3400000|100%| O|  |TAMS 0x00000000c3400000, 0x00000000c3300000| Untracked 
|  52|0x00000000c3400000, 0x00000000c3500000, 0x00000000c3500000|100%| O|  |TAMS 0x00000000c3500000, 0x00000000c3400000| Untracked 
|  53|0x00000000c3500000, 0x00000000c3600000, 0x00000000c3600000|100%| O|  |TAMS 0x00000000c3600000, 0x00000000c3500000| Untracked 
|  54|0x00000000c3600000, 0x00000000c3700000, 0x00000000c3700000|100%| O|  |TAMS 0x00000000c3700000, 0x00000000c3600000| Untracked 
|  55|0x00000000c3700000, 0x00000000c3800000, 0x00000000c3800000|100%| O|  |TAMS 0x00000000c3800000, 0x00000000c3700000| Untracked 
|  56|0x00000000c3800000, 0x00000000c3900000, 0x00000000c3900000|100%| O|  |TAMS 0x00000000c3900000, 0x00000000c3800000| Untracked 
|  57|0x00000000c3900000, 0x00000000c3a00000, 0x00000000c3a00000|100%|HS|  |TAMS 0x00000000c3a00000, 0x00000000c3900000| Complete 
|  58|0x00000000c3a00000, 0x00000000c3b00000, 0x00000000c3b00000|100%| O|  |TAMS 0x00000000c3b00000, 0x00000000c3a00000| Untracked 
|  59|0x00000000c3b00000, 0x00000000c3c00000, 0x00000000c3c00000|100%| O|  |TAMS 0x00000000c3c00000, 0x00000000c3b00000| Untracked 
|  60|0x00000000c3c00000, 0x00000000c3d00000, 0x00000000c3d00000|100%| O|  |TAMS 0x00000000c3d00000, 0x00000000c3c00000| Untracked 
|  61|0x00000000c3d00000, 0x00000000c3e00000, 0x00000000c3e00000|100%| O|  |TAMS 0x00000000c3e00000, 0x00000000c3d00000| Untracked 
|  62|0x00000000c3e00000, 0x00000000c3f00000, 0x00000000c3f00000|100%| O|  |TAMS 0x00000000c3f00000, 0x00000000c3e00000| Untracked 
|  63|0x00000000c3f00000, 0x00000000c4000000, 0x00000000c4000000|100%| O|  |TAMS 0x00000000c4000000, 0x00000000c3f00000| Untracked 
|  64|0x00000000c4000000, 0x00000000c4100000, 0x00000000c4100000|100%| O|  |TAMS 0x00000000c4100000, 0x00000000c4000000| Untracked 
|  65|0x00000000c4100000, 0x00000000c4200000, 0x00000000c4200000|100%| O|  |TAMS 0x00000000c4200000, 0x00000000c4100000| Untracked 
|  66|0x00000000c4200000, 0x00000000c4300000, 0x00000000c4300000|100%| O|  |TAMS 0x00000000c4300000, 0x00000000c4200000| Untracked 
|  67|0x00000000c4300000, 0x00000000c4400000, 0x00000000c4400000|100%| O|  |TAMS 0x00000000c4400000, 0x00000000c4300000| Untracked 
|  68|0x00000000c4400000, 0x00000000c4500000, 0x00000000c4500000|100%| O|  |TAMS 0x00000000c4500000, 0x00000000c4400000| Untracked 
|  69|0x00000000c4500000, 0x00000000c4600000, 0x00000000c4600000|100%| O|  |TAMS 0x00000000c4600000, 0x00000000c4500000| Untracked 
|  70|0x00000000c4600000, 0x00000000c4700000, 0x00000000c4700000|100%| O|  |TAMS 0x00000000c4700000, 0x00000000c4600000| Untracked 
|  71|0x00000000c4700000, 0x00000000c4800000, 0x00000000c4800000|100%| O|  |TAMS 0x00000000c4800000, 0x00000000c4700000| Untracked 
|  72|0x00000000c4800000, 0x00000000c4900000, 0x00000000c4900000|100%| O|  |TAMS 0x00000000c4900000, 0x00000000c4800000| Untracked 
|  73|0x00000000c4900000, 0x00000000c4a00000, 0x00000000c4a00000|100%| O|  |TAMS 0x00000000c4a00000, 0x00000000c4900000| Untracked 
|  74|0x00000000c4a00000, 0x00000000c4b00000, 0x00000000c4b00000|100%| O|  |TAMS 0x00000000c4b00000, 0x00000000c4a00000| Untracked 
|  75|0x00000000c4b00000, 0x00000000c4c00000, 0x00000000c4c00000|100%| O|  |TAMS 0x00000000c4c00000, 0x00000000c4b00000| Untracked 
|  76|0x00000000c4c00000, 0x00000000c4d00000, 0x00000000c4d00000|100%| O|  |TAMS 0x00000000c4d00000, 0x00000000c4c00000| Untracked 
|  77|0x00000000c4d00000, 0x00000000c4e00000, 0x00000000c4e00000|100%| O|  |TAMS 0x00000000c4e00000, 0x00000000c4d00000| Untracked 
|  78|0x00000000c4e00000, 0x00000000c4f00000, 0x00000000c4f00000|100%| O|  |TAMS 0x00000000c4f00000, 0x00000000c4e00000| Untracked 
|  79|0x00000000c4f00000, 0x00000000c5000000, 0x00000000c5000000|100%| O|  |TAMS 0x00000000c5000000, 0x00000000c4f00000| Untracked 
|  80|0x00000000c5000000, 0x00000000c5100000, 0x00000000c5100000|100%| O|  |TAMS 0x00000000c5100000, 0x00000000c5000000| Untracked 
|  81|0x00000000c5100000, 0x00000000c5200000, 0x00000000c5200000|100%| O|  |TAMS 0x00000000c5200000, 0x00000000c5100000| Untracked 
|  82|0x00000000c5200000, 0x00000000c5300000, 0x00000000c5300000|100%| O|  |TAMS 0x00000000c5300000, 0x00000000c5200000| Untracked 
|  83|0x00000000c5300000, 0x00000000c5400000, 0x00000000c5400000|100%| O|  |TAMS 0x00000000c5400000, 0x00000000c5300000| Untracked 
|  84|0x00000000c5400000, 0x00000000c5500000, 0x00000000c5500000|100%| O|  |TAMS 0x00000000c5500000, 0x00000000c5400000| Untracked 
|  85|0x00000000c5500000, 0x00000000c5600000, 0x00000000c5600000|100%| O|  |TAMS 0x00000000c5600000, 0x00000000c5500000| Untracked 
|  86|0x00000000c5600000, 0x00000000c5700000, 0x00000000c5700000|100%| O|  |TAMS 0x00000000c5700000, 0x00000000c5600000| Untracked 
|  87|0x00000000c5700000, 0x00000000c5800000, 0x00000000c5800000|100%| O|  |TAMS 0x00000000c5800000, 0x00000000c5700000| Untracked 
|  88|0x00000000c5800000, 0x00000000c5900000, 0x00000000c5900000|100%| O|  |TAMS 0x00000000c5900000, 0x00000000c5800000| Untracked 
|  89|0x00000000c5900000, 0x00000000c5a00000, 0x00000000c5a00000|100%|HS|  |TAMS 0x00000000c5a00000, 0x00000000c5900000| Complete 
|  90|0x00000000c5a00000, 0x00000000c5b00000, 0x00000000c5b00000|100%|HC|  |TAMS 0x00000000c5b00000, 0x00000000c5a00000| Complete 
|  91|0x00000000c5b00000, 0x00000000c5c00000, 0x00000000c5c00000|100%| O|  |TAMS 0x00000000c5c00000, 0x00000000c5b00000| Untracked 
|  92|0x00000000c5c00000, 0x00000000c5d00000, 0x00000000c5d00000|100%| O|  |TAMS 0x00000000c5d00000, 0x00000000c5c00000| Untracked 
|  93|0x00000000c5d00000, 0x00000000c5e00000, 0x00000000c5e00000|100%| O|  |TAMS 0x00000000c5e00000, 0x00000000c5d00000| Untracked 
|  94|0x00000000c5e00000, 0x00000000c5f00000, 0x00000000c5f00000|100%| O|  |TAMS 0x00000000c5f00000, 0x00000000c5e00000| Untracked 
|  95|0x00000000c5f00000, 0x00000000c6000000, 0x00000000c6000000|100%| O|  |TAMS 0x00000000c6000000, 0x00000000c5f00000| Untracked 
|  96|0x00000000c6000000, 0x00000000c6100000, 0x00000000c6100000|100%| O|  |TAMS 0x00000000c6100000, 0x00000000c6000000| Untracked 
|  97|0x00000000c6100000, 0x00000000c6200000, 0x00000000c6200000|100%| O|  |TAMS 0x00000000c6200000, 0x00000000c6100000| Untracked 
|  98|0x00000000c6200000, 0x00000000c6300000, 0x00000000c6300000|100%| O|  |TAMS 0x00000000c6300000, 0x00000000c6200000| Untracked 
|  99|0x00000000c6300000, 0x00000000c6400000, 0x00000000c6400000|100%| O|  |TAMS 0x00000000c6400000, 0x00000000c6300000| Untracked 
| 100|0x00000000c6400000, 0x00000000c6500000, 0x00000000c6500000|100%| O|  |TAMS 0x00000000c6500000, 0x00000000c6400000| Untracked 
| 101|0x00000000c6500000, 0x00000000c6600000, 0x00000000c6600000|100%| O|  |TAMS 0x00000000c6600000, 0x00000000c6500000| Untracked 
| 102|0x00000000c6600000, 0x00000000c6700000, 0x00000000c6700000|100%| O|  |TAMS 0x00000000c6700000, 0x00000000c6600000| Untracked 
| 103|0x00000000c6700000, 0x00000000c6800000, 0x00000000c6800000|100%| O|  |TAMS 0x00000000c6800000, 0x00000000c6700000| Untracked 
| 104|0x00000000c6800000, 0x00000000c6900000, 0x00000000c6900000|100%|HS|  |TAMS 0x00000000c6900000, 0x00000000c6800000| Complete 
| 105|0x00000000c6900000, 0x00000000c6a00000, 0x00000000c6a00000|100%|HC|  |TAMS 0x00000000c6a00000, 0x00000000c6900000| Complete 
| 106|0x00000000c6a00000, 0x00000000c6b00000, 0x00000000c6b00000|100%| O|  |TAMS 0x00000000c6b00000, 0x00000000c6a00000| Untracked 
| 107|0x00000000c6b00000, 0x00000000c6c00000, 0x00000000c6c00000|100%| O|  |TAMS 0x00000000c6c00000, 0x00000000c6b00000| Untracked 
| 108|0x00000000c6c00000, 0x00000000c6d00000, 0x00000000c6d00000|100%| O|  |TAMS 0x00000000c6d00000, 0x00000000c6c00000| Untracked 
| 109|0x00000000c6d00000, 0x00000000c6e00000, 0x00000000c6e00000|100%| O|  |TAMS 0x00000000c6e00000, 0x00000000c6d00000| Untracked 
| 110|0x00000000c6e00000, 0x00000000c6f00000, 0x00000000c6f00000|100%| O|  |TAMS 0x00000000c6f00000, 0x00000000c6e00000| Untracked 
| 111|0x00000000c6f00000, 0x00000000c7000000, 0x00000000c7000000|100%| O|  |TAMS 0x00000000c7000000, 0x00000000c6f00000| Untracked 
| 112|0x00000000c7000000, 0x00000000c7100000, 0x00000000c7100000|100%| O|  |TAMS 0x00000000c7100000, 0x00000000c7000000| Untracked 
| 113|0x00000000c7100000, 0x00000000c7200000, 0x00000000c7200000|100%| O|  |TAMS 0x00000000c7200000, 0x00000000c7100000| Untracked 
| 114|0x00000000c7200000, 0x00000000c7300000, 0x00000000c7300000|100%| O|  |TAMS 0x00000000c7300000, 0x00000000c7200000| Untracked 
| 115|0x00000000c7300000, 0x00000000c7400000, 0x00000000c7400000|100%| O|  |TAMS 0x00000000c7400000, 0x00000000c7300000| Untracked 
| 116|0x00000000c7400000, 0x00000000c7500000, 0x00000000c7500000|100%| O|  |TAMS 0x00000000c7500000, 0x00000000c7400000| Untracked 
| 117|0x00000000c7500000, 0x00000000c7600000, 0x00000000c7600000|100%| O|  |TAMS 0x00000000c7600000, 0x00000000c7500000| Untracked 
| 118|0x00000000c7600000, 0x00000000c7700000, 0x00000000c7700000|100%| O|  |TAMS 0x00000000c7700000, 0x00000000c7600000| Untracked 
| 119|0x00000000c7700000, 0x00000000c7800000, 0x00000000c7800000|100%| O|  |TAMS 0x00000000c7800000, 0x00000000c7700000| Untracked 
| 120|0x00000000c7800000, 0x00000000c7900000, 0x00000000c7900000|100%| O|  |TAMS 0x00000000c7900000, 0x00000000c7800000| Untracked 
| 121|0x00000000c7900000, 0x00000000c7a00000, 0x00000000c7a00000|100%| O|  |TAMS 0x00000000c7a00000, 0x00000000c7900000| Untracked 
| 122|0x00000000c7a00000, 0x00000000c7b00000, 0x00000000c7b00000|100%| O|  |TAMS 0x00000000c7b00000, 0x00000000c7a00000| Untracked 
| 123|0x00000000c7b00000, 0x00000000c7c00000, 0x00000000c7c00000|100%| O|  |TAMS 0x00000000c7c00000, 0x00000000c7b00000| Untracked 
| 124|0x00000000c7c00000, 0x00000000c7d00000, 0x00000000c7d00000|100%| O|  |TAMS 0x00000000c7d00000, 0x00000000c7c00000| Untracked 
| 125|0x00000000c7d00000, 0x00000000c7d00000, 0x00000000c7e00000|  0%| F|  |TAMS 0x00000000c7d00000, 0x00000000c7d00000| Untracked 
| 126|0x00000000c7e00000, 0x00000000c7e00000, 0x00000000c7f00000|  0%| F|  |TAMS 0x00000000c7e00000, 0x00000000c7e00000| Untracked 
| 127|0x00000000c7f00000, 0x00000000c8000000, 0x00000000c8000000|100%| O|  |TAMS 0x00000000c8000000, 0x00000000c7f00000| Untracked 
| 128|0x00000000c8000000, 0x00000000c8100000, 0x00000000c8100000|100%| O|  |TAMS 0x00000000c8100000, 0x00000000c8000000| Untracked 
| 129|0x00000000c8100000, 0x00000000c8200000, 0x00000000c8200000|100%| O|  |TAMS 0x00000000c8200000, 0x00000000c8100000| Untracked 
| 130|0x00000000c8200000, 0x00000000c8300000, 0x00000000c8300000|100%| O|  |TAMS 0x00000000c8300000, 0x00000000c8200000| Untracked 
| 131|0x00000000c8300000, 0x00000000c8400000, 0x00000000c8400000|100%| O|  |TAMS 0x00000000c8400000, 0x00000000c8300000| Untracked 
| 132|0x00000000c8400000, 0x00000000c8500000, 0x00000000c8500000|100%| O|  |TAMS 0x00000000c8500000, 0x00000000c8400000| Untracked 
| 133|0x00000000c8500000, 0x00000000c8600000, 0x00000000c8600000|100%| O|  |TAMS 0x00000000c8600000, 0x00000000c8500000| Untracked 
| 134|0x00000000c8600000, 0x00000000c8700000, 0x00000000c8700000|100%| O|  |TAMS 0x00000000c8700000, 0x00000000c8600000| Untracked 
| 135|0x00000000c8700000, 0x00000000c8800000, 0x00000000c8800000|100%| O|  |TAMS 0x00000000c8800000, 0x00000000c8700000| Untracked 
| 136|0x00000000c8800000, 0x00000000c8900000, 0x00000000c8900000|100%| O|  |TAMS 0x00000000c8900000, 0x00000000c8800000| Untracked 
| 137|0x00000000c8900000, 0x00000000c8a00000, 0x00000000c8a00000|100%| O|  |TAMS 0x00000000c8a00000, 0x00000000c8900000| Untracked 
| 138|0x00000000c8a00000, 0x00000000c8b00000, 0x00000000c8b00000|100%| O|  |TAMS 0x00000000c8b00000, 0x00000000c8a00000| Untracked 
| 139|0x00000000c8b00000, 0x00000000c8c00000, 0x00000000c8c00000|100%| O|  |TAMS 0x00000000c8c00000, 0x00000000c8b00000| Untracked 
| 140|0x00000000c8c00000, 0x00000000c8d00000, 0x00000000c8d00000|100%| O|  |TAMS 0x00000000c8d00000, 0x00000000c8c00000| Untracked 
| 141|0x00000000c8d00000, 0x00000000c8e00000, 0x00000000c8e00000|100%| O|  |TAMS 0x00000000c8e00000, 0x00000000c8d00000| Untracked 
| 142|0x00000000c8e00000, 0x00000000c8e99400, 0x00000000c8f00000| 59%| O|  |TAMS 0x00000000c8e99400, 0x00000000c8e00000| Untracked 
| 143|0x00000000c8f00000, 0x00000000c9000000, 0x00000000c9000000|100%| O|  |TAMS 0x00000000c9000000, 0x00000000c8f00000| Untracked 
| 144|0x00000000c9000000, 0x00000000c9000000, 0x00000000c9100000|  0%| F|  |TAMS 0x00000000c9000000, 0x00000000c9000000| Untracked 
| 145|0x00000000c9100000, 0x00000000c9200000, 0x00000000c9200000|100%| O|  |TAMS 0x00000000c9200000, 0x00000000c9100000| Untracked 
| 146|0x00000000c9200000, 0x00000000c9300000, 0x00000000c9300000|100%| O|  |TAMS 0x00000000c9300000, 0x00000000c9200000| Untracked 
| 147|0x00000000c9300000, 0x00000000c9300000, 0x00000000c9400000|  0%| F|  |TAMS 0x00000000c9300000, 0x00000000c9300000| Untracked 
| 148|0x00000000c9400000, 0x00000000c9500000, 0x00000000c9500000|100%| O|  |TAMS 0x00000000c9500000, 0x00000000c9400000| Untracked 
| 149|0x00000000c9500000, 0x00000000c9500000, 0x00000000c9600000|  0%| F|  |TAMS 0x00000000c9500000, 0x00000000c9500000| Untracked 
| 150|0x00000000c9600000, 0x00000000c9600000, 0x00000000c9700000|  0%| F|  |TAMS 0x00000000c9600000, 0x00000000c9600000| Untracked 
| 151|0x00000000c9700000, 0x00000000c9700000, 0x00000000c9800000|  0%| F|  |TAMS 0x00000000c9700000, 0x00000000c9700000| Untracked 
| 152|0x00000000c9800000, 0x00000000c9800000, 0x00000000c9900000|  0%| F|  |TAMS 0x00000000c9800000, 0x00000000c9800000| Untracked 
| 153|0x00000000c9900000, 0x00000000c9900000, 0x00000000c9a00000|  0%| F|  |TAMS 0x00000000c9900000, 0x00000000c9900000| Untracked 
| 154|0x00000000c9a00000, 0x00000000c9a00000, 0x00000000c9b00000|  0%| F|  |TAMS 0x00000000c9a00000, 0x00000000c9a00000| Untracked 
| 155|0x00000000c9b00000, 0x00000000c9b00000, 0x00000000c9c00000|  0%| F|  |TAMS 0x00000000c9b00000, 0x00000000c9b00000| Untracked 
| 156|0x00000000c9c00000, 0x00000000c9c00000, 0x00000000c9d00000|  0%| F|  |TAMS 0x00000000c9c00000, 0x00000000c9c00000| Untracked 
| 157|0x00000000c9d00000, 0x00000000c9d00000, 0x00000000c9e00000|  0%| F|  |TAMS 0x00000000c9d00000, 0x00000000c9d00000| Untracked 
| 158|0x00000000c9e00000, 0x00000000c9f00000, 0x00000000c9f00000|100%| O|  |TAMS 0x00000000c9f00000, 0x00000000c9e00000| Untracked 
| 159|0x00000000c9f00000, 0x00000000ca000000, 0x00000000ca000000|100%| O|  |TAMS 0x00000000ca000000, 0x00000000c9f00000| Untracked 
| 160|0x00000000ca000000, 0x00000000ca100000, 0x00000000ca100000|100%| O|  |TAMS 0x00000000ca100000, 0x00000000ca000000| Untracked 
| 161|0x00000000ca100000, 0x00000000ca200000, 0x00000000ca200000|100%| O|  |TAMS 0x00000000ca200000, 0x00000000ca100000| Untracked 
| 162|0x00000000ca200000, 0x00000000ca300000, 0x00000000ca300000|100%| O|  |TAMS 0x00000000ca300000, 0x00000000ca200000| Untracked 
| 163|0x00000000ca300000, 0x00000000ca400000, 0x00000000ca400000|100%| O|  |TAMS 0x00000000ca400000, 0x00000000ca300000| Untracked 
| 164|0x00000000ca400000, 0x00000000ca500000, 0x00000000ca500000|100%| O|  |TAMS 0x00000000ca500000, 0x00000000ca400000| Untracked 
| 165|0x00000000ca500000, 0x00000000ca600000, 0x00000000ca600000|100%| O|  |TAMS 0x00000000ca600000, 0x00000000ca500000| Untracked 
| 166|0x00000000ca600000, 0x00000000ca700000, 0x00000000ca700000|100%| O|  |TAMS 0x00000000ca700000, 0x00000000ca600000| Untracked 
| 167|0x00000000ca700000, 0x00000000ca800000, 0x00000000ca800000|100%| O|  |TAMS 0x00000000ca800000, 0x00000000ca700000| Untracked 
| 168|0x00000000ca800000, 0x00000000ca800000, 0x00000000ca900000|  0%| F|  |TAMS 0x00000000ca800000, 0x00000000ca800000| Untracked 
| 169|0x00000000ca900000, 0x00000000ca900000, 0x00000000caa00000|  0%| F|  |TAMS 0x00000000ca900000, 0x00000000ca900000| Untracked 
| 170|0x00000000caa00000, 0x00000000caa00000, 0x00000000cab00000|  0%| F|  |TAMS 0x00000000caa00000, 0x00000000caa00000| Untracked 
| 171|0x00000000cab00000, 0x00000000cab00000, 0x00000000cac00000|  0%| F|  |TAMS 0x00000000cab00000, 0x00000000cab00000| Untracked 
| 172|0x00000000cac00000, 0x00000000cac00000, 0x00000000cad00000|  0%| F|  |TAMS 0x00000000cac00000, 0x00000000cac00000| Untracked 
| 173|0x00000000cad00000, 0x00000000cad00000, 0x00000000cae00000|  0%| F|  |TAMS 0x00000000cad00000, 0x00000000cad00000| Untracked 
| 174|0x00000000cae00000, 0x00000000cae00000, 0x00000000caf00000|  0%| F|  |TAMS 0x00000000cae00000, 0x00000000cae00000| Untracked 
| 175|0x00000000caf00000, 0x00000000caf00000, 0x00000000cb000000|  0%| F|  |TAMS 0x00000000caf00000, 0x00000000caf00000| Untracked 
| 176|0x00000000cb000000, 0x00000000cb000000, 0x00000000cb100000|  0%| F|  |TAMS 0x00000000cb000000, 0x00000000cb000000| Untracked 
| 177|0x00000000cb100000, 0x00000000cb100000, 0x00000000cb200000|  0%| F|  |TAMS 0x00000000cb100000, 0x00000000cb100000| Untracked 
| 178|0x00000000cb200000, 0x00000000cb200000, 0x00000000cb300000|  0%| F|  |TAMS 0x00000000cb200000, 0x00000000cb200000| Untracked 
| 179|0x00000000cb300000, 0x00000000cb300000, 0x00000000cb400000|  0%| F|  |TAMS 0x00000000cb300000, 0x00000000cb300000| Untracked 
| 180|0x00000000cb400000, 0x00000000cb400000, 0x00000000cb500000|  0%| F|  |TAMS 0x00000000cb400000, 0x00000000cb400000| Untracked 
| 181|0x00000000cb500000, 0x00000000cb500000, 0x00000000cb600000|  0%| F|  |TAMS 0x00000000cb500000, 0x00000000cb500000| Untracked 
| 182|0x00000000cb600000, 0x00000000cb600000, 0x00000000cb700000|  0%| F|  |TAMS 0x00000000cb600000, 0x00000000cb600000| Untracked 
| 183|0x00000000cb700000, 0x00000000cb700000, 0x00000000cb800000|  0%| F|  |TAMS 0x00000000cb700000, 0x00000000cb700000| Untracked 
| 184|0x00000000cb800000, 0x00000000cb800000, 0x00000000cb900000|  0%| F|  |TAMS 0x00000000cb800000, 0x00000000cb800000| Untracked 
| 185|0x00000000cb900000, 0x00000000cb900000, 0x00000000cba00000|  0%| F|  |TAMS 0x00000000cb900000, 0x00000000cb900000| Untracked 
| 186|0x00000000cba00000, 0x00000000cba00000, 0x00000000cbb00000|  0%| F|  |TAMS 0x00000000cba00000, 0x00000000cba00000| Untracked 
| 187|0x00000000cbb00000, 0x00000000cbb00000, 0x00000000cbc00000|  0%| F|  |TAMS 0x00000000cbb00000, 0x00000000cbb00000| Untracked 
| 188|0x00000000cbc00000, 0x00000000cbc00000, 0x00000000cbd00000|  0%| F|  |TAMS 0x00000000cbc00000, 0x00000000cbc00000| Untracked 
| 189|0x00000000cbd00000, 0x00000000cbd00000, 0x00000000cbe00000|  0%| F|  |TAMS 0x00000000cbd00000, 0x00000000cbd00000| Untracked 
| 190|0x00000000cbe00000, 0x00000000cbe00000, 0x00000000cbf00000|  0%| F|  |TAMS 0x00000000cbe00000, 0x00000000cbe00000| Untracked 
| 191|0x00000000cbf00000, 0x00000000cbf00000, 0x00000000cc000000|  0%| F|  |TAMS 0x00000000cbf00000, 0x00000000cbf00000| Untracked 
| 192|0x00000000cc000000, 0x00000000cc000000, 0x00000000cc100000|  0%| F|  |TAMS 0x00000000cc000000, 0x00000000cc000000| Untracked 
| 193|0x00000000cc100000, 0x00000000cc100000, 0x00000000cc200000|  0%| F|  |TAMS 0x00000000cc100000, 0x00000000cc100000| Untracked 
| 194|0x00000000cc200000, 0x00000000cc200000, 0x00000000cc300000|  0%| F|  |TAMS 0x00000000cc200000, 0x00000000cc200000| Untracked 
| 195|0x00000000cc300000, 0x00000000cc300000, 0x00000000cc400000|  0%| F|  |TAMS 0x00000000cc300000, 0x00000000cc300000| Untracked 
| 196|0x00000000cc400000, 0x00000000cc400000, 0x00000000cc500000|  0%| F|  |TAMS 0x00000000cc400000, 0x00000000cc400000| Untracked 
| 197|0x00000000cc500000, 0x00000000cc500000, 0x00000000cc600000|  0%| F|  |TAMS 0x00000000cc500000, 0x00000000cc500000| Untracked 
| 198|0x00000000cc600000, 0x00000000cc600000, 0x00000000cc700000|  0%| F|  |TAMS 0x00000000cc600000, 0x00000000cc600000| Untracked 
| 199|0x00000000cc700000, 0x00000000cc700000, 0x00000000cc800000|  0%| F|  |TAMS 0x00000000cc700000, 0x00000000cc700000| Untracked 
| 200|0x00000000cc800000, 0x00000000cc800000, 0x00000000cc900000|  0%| F|  |TAMS 0x00000000cc800000, 0x00000000cc800000| Untracked 
| 201|0x00000000cc900000, 0x00000000cc900000, 0x00000000cca00000|  0%| F|  |TAMS 0x00000000cc900000, 0x00000000cc900000| Untracked 
| 202|0x00000000cca00000, 0x00000000cca00000, 0x00000000ccb00000|  0%| F|  |TAMS 0x00000000cca00000, 0x00000000cca00000| Untracked 
| 203|0x00000000ccb00000, 0x00000000ccb00000, 0x00000000ccc00000|  0%| F|  |TAMS 0x00000000ccb00000, 0x00000000ccb00000| Untracked 
| 204|0x00000000ccc00000, 0x00000000ccc00000, 0x00000000ccd00000|  0%| F|  |TAMS 0x00000000ccc00000, 0x00000000ccc00000| Untracked 
| 205|0x00000000ccd00000, 0x00000000ccd00000, 0x00000000cce00000|  0%| F|  |TAMS 0x00000000ccd00000, 0x00000000ccd00000| Untracked 
| 206|0x00000000cce00000, 0x00000000cce00000, 0x00000000ccf00000|  0%| F|  |TAMS 0x00000000cce00000, 0x00000000cce00000| Untracked 
| 207|0x00000000ccf00000, 0x00000000ccf00000, 0x00000000cd000000|  0%| F|  |TAMS 0x00000000ccf00000, 0x00000000ccf00000| Untracked 
| 208|0x00000000cd000000, 0x00000000cd000000, 0x00000000cd100000|  0%| F|  |TAMS 0x00000000cd000000, 0x00000000cd000000| Untracked 
| 209|0x00000000cd100000, 0x00000000cd100000, 0x00000000cd200000|  0%| F|  |TAMS 0x00000000cd100000, 0x00000000cd100000| Untracked 
| 210|0x00000000cd200000, 0x00000000cd200000, 0x00000000cd300000|  0%| F|  |TAMS 0x00000000cd200000, 0x00000000cd200000| Untracked 
| 211|0x00000000cd300000, 0x00000000cd300000, 0x00000000cd400000|  0%| F|  |TAMS 0x00000000cd300000, 0x00000000cd300000| Untracked 
| 212|0x00000000cd400000, 0x00000000cd400000, 0x00000000cd500000|  0%| F|  |TAMS 0x00000000cd400000, 0x00000000cd400000| Untracked 
| 213|0x00000000cd500000, 0x00000000cd500000, 0x00000000cd600000|  0%| F|  |TAMS 0x00000000cd500000, 0x00000000cd500000| Untracked 
| 214|0x00000000cd600000, 0x00000000cd600000, 0x00000000cd700000|  0%| F|  |TAMS 0x00000000cd600000, 0x00000000cd600000| Untracked 
| 215|0x00000000cd700000, 0x00000000cd700000, 0x00000000cd800000|  0%| F|  |TAMS 0x00000000cd700000, 0x00000000cd700000| Untracked 
| 216|0x00000000cd800000, 0x00000000cd800000, 0x00000000cd900000|  0%| F|  |TAMS 0x00000000cd800000, 0x00000000cd800000| Untracked 
| 217|0x00000000cd900000, 0x00000000cd900000, 0x00000000cda00000|  0%| F|  |TAMS 0x00000000cd900000, 0x00000000cd900000| Untracked 
| 218|0x00000000cda00000, 0x00000000cda00000, 0x00000000cdb00000|  0%| F|  |TAMS 0x00000000cda00000, 0x00000000cda00000| Untracked 
| 219|0x00000000cdb00000, 0x00000000cdb00000, 0x00000000cdc00000|  0%| F|  |TAMS 0x00000000cdb00000, 0x00000000cdb00000| Untracked 
| 220|0x00000000cdc00000, 0x00000000cdc00000, 0x00000000cdd00000|  0%| F|  |TAMS 0x00000000cdc00000, 0x00000000cdc00000| Untracked 
| 221|0x00000000cdd00000, 0x00000000cdd00000, 0x00000000cde00000|  0%| F|  |TAMS 0x00000000cdd00000, 0x00000000cdd00000| Untracked 
| 222|0x00000000cde00000, 0x00000000cde00000, 0x00000000cdf00000|  0%| F|  |TAMS 0x00000000cde00000, 0x00000000cde00000| Untracked 
| 223|0x00000000cdf00000, 0x00000000cdf00000, 0x00000000ce000000|  0%| F|  |TAMS 0x00000000cdf00000, 0x00000000cdf00000| Untracked 
| 224|0x00000000ce000000, 0x00000000ce000000, 0x00000000ce100000|  0%| F|  |TAMS 0x00000000ce000000, 0x00000000ce000000| Untracked 
| 225|0x00000000ce100000, 0x00000000ce100000, 0x00000000ce200000|  0%| F|  |TAMS 0x00000000ce100000, 0x00000000ce100000| Untracked 
| 226|0x00000000ce200000, 0x00000000ce200000, 0x00000000ce300000|  0%| F|  |TAMS 0x00000000ce200000, 0x00000000ce200000| Untracked 
| 227|0x00000000ce300000, 0x00000000ce300000, 0x00000000ce400000|  0%| F|  |TAMS 0x00000000ce300000, 0x00000000ce300000| Untracked 
| 228|0x00000000ce400000, 0x00000000ce400000, 0x00000000ce500000|  0%| F|  |TAMS 0x00000000ce400000, 0x00000000ce400000| Untracked 
| 229|0x00000000ce500000, 0x00000000ce500000, 0x00000000ce600000|  0%| F|  |TAMS 0x00000000ce500000, 0x00000000ce500000| Untracked 
| 230|0x00000000ce600000, 0x00000000ce600000, 0x00000000ce700000|  0%| F|  |TAMS 0x00000000ce600000, 0x00000000ce600000| Untracked 
| 231|0x00000000ce700000, 0x00000000ce700000, 0x00000000ce800000|  0%| F|  |TAMS 0x00000000ce700000, 0x00000000ce700000| Untracked 
| 232|0x00000000ce800000, 0x00000000ce900000, 0x00000000ce900000|100%| E|  |TAMS 0x00000000ce800000, 0x00000000ce800000| Complete 
| 233|0x00000000ce900000, 0x00000000cea00000, 0x00000000cea00000|100%| E|CS|TAMS 0x00000000ce900000, 0x00000000ce900000| Complete 
| 234|0x00000000cea00000, 0x00000000ceb00000, 0x00000000ceb00000|100%| E|CS|TAMS 0x00000000cea00000, 0x00000000cea00000| Complete 
| 235|0x00000000ceb00000, 0x00000000cec00000, 0x00000000cec00000|100%| E|CS|TAMS 0x00000000ceb00000, 0x00000000ceb00000| Complete 
| 236|0x00000000cec00000, 0x00000000ced00000, 0x00000000ced00000|100%| E|CS|TAMS 0x00000000cec00000, 0x00000000cec00000| Complete 
| 237|0x00000000ced00000, 0x00000000cee00000, 0x00000000cee00000|100%| E|CS|TAMS 0x00000000ced00000, 0x00000000ced00000| Complete 
| 238|0x00000000cee00000, 0x00000000cef00000, 0x00000000cef00000|100%| E|CS|TAMS 0x00000000cee00000, 0x00000000cee00000| Complete 
| 239|0x00000000cef00000, 0x00000000cf000000, 0x00000000cf000000|100%| E|CS|TAMS 0x00000000cef00000, 0x00000000cef00000| Complete 
| 240|0x00000000cf000000, 0x00000000cf100000, 0x00000000cf100000|100%| E|CS|TAMS 0x00000000cf000000, 0x00000000cf000000| Complete 
| 241|0x00000000cf100000, 0x00000000cf200000, 0x00000000cf200000|100%| E|CS|TAMS 0x00000000cf100000, 0x00000000cf100000| Complete 
| 242|0x00000000cf200000, 0x00000000cf300000, 0x00000000cf300000|100%| E|CS|TAMS 0x00000000cf200000, 0x00000000cf200000| Complete 
| 243|0x00000000cf300000, 0x00000000cf400000, 0x00000000cf400000|100%| E|CS|TAMS 0x00000000cf300000, 0x00000000cf300000| Complete 
| 244|0x00000000cf400000, 0x00000000cf500000, 0x00000000cf500000|100%| E|CS|TAMS 0x00000000cf400000, 0x00000000cf400000| Complete 
| 245|0x00000000cf500000, 0x00000000cf600000, 0x00000000cf600000|100%| E|CS|TAMS 0x00000000cf500000, 0x00000000cf500000| Complete 
| 246|0x00000000cf600000, 0x00000000cf700000, 0x00000000cf700000|100%| E|CS|TAMS 0x00000000cf600000, 0x00000000cf600000| Complete 
| 247|0x00000000cf700000, 0x00000000cf800000, 0x00000000cf800000|100%| E|CS|TAMS 0x00000000cf700000, 0x00000000cf700000| Complete 
| 248|0x00000000cf800000, 0x00000000cf900000, 0x00000000cf900000|100%| E|CS|TAMS 0x00000000cf800000, 0x00000000cf800000| Complete 
| 249|0x00000000cf900000, 0x00000000cfa00000, 0x00000000cfa00000|100%| E|CS|TAMS 0x00000000cf900000, 0x00000000cf900000| Complete 
| 250|0x00000000cfa00000, 0x00000000cfb00000, 0x00000000cfb00000|100%| E|CS|TAMS 0x00000000cfa00000, 0x00000000cfa00000| Complete 
| 251|0x00000000cfb00000, 0x00000000cfc00000, 0x00000000cfc00000|100%| E|CS|TAMS 0x00000000cfb00000, 0x00000000cfb00000| Complete 
| 252|0x00000000cfc00000, 0x00000000cfd00000, 0x00000000cfd00000|100%| E|CS|TAMS 0x00000000cfc00000, 0x00000000cfc00000| Complete 
| 253|0x00000000cfd00000, 0x00000000cfe00000, 0x00000000cfe00000|100%| E|CS|TAMS 0x00000000cfd00000, 0x00000000cfd00000| Complete 
| 254|0x00000000cfe00000, 0x00000000cff00000, 0x00000000cff00000|100%| E|CS|TAMS 0x00000000cfe00000, 0x00000000cfe00000| Complete 
| 255|0x00000000cff00000, 0x00000000d0000000, 0x00000000d0000000|100%| E|CS|TAMS 0x00000000cff00000, 0x00000000cff00000| Complete 
| 256|0x00000000d0000000, 0x00000000d0100000, 0x00000000d0100000|100%| E|CS|TAMS 0x00000000d0000000, 0x00000000d0000000| Complete 
| 257|0x00000000d0100000, 0x00000000d014bde0, 0x00000000d0200000| 29%| S|CS|TAMS 0x00000000d0100000, 0x00000000d0100000| Complete 
| 258|0x00000000d0200000, 0x00000000d0300000, 0x00000000d0300000|100%| S|CS|TAMS 0x00000000d0200000, 0x00000000d0200000| Complete 
| 259|0x00000000d0300000, 0x00000000d0400000, 0x00000000d0400000|100%| S|CS|TAMS 0x00000000d0300000, 0x00000000d0300000| Complete 
| 260|0x00000000d0400000, 0x00000000d0500000, 0x00000000d0500000|100%| E|CS|TAMS 0x00000000d0400000, 0x00000000d0400000| Complete 
| 261|0x00000000d0500000, 0x00000000d0600000, 0x00000000d0600000|100%| E|CS|TAMS 0x00000000d0500000, 0x00000000d0500000| Complete 
| 262|0x00000000d0600000, 0x00000000d0700000, 0x00000000d0700000|100%| E|CS|TAMS 0x00000000d0600000, 0x00000000d0600000| Complete 
| 263|0x00000000d0700000, 0x00000000d0800000, 0x00000000d0800000|100%| E|CS|TAMS 0x00000000d0700000, 0x00000000d0700000| Complete 
| 264|0x00000000d0800000, 0x00000000d0900000, 0x00000000d0900000|100%| E|  |TAMS 0x00000000d0800000, 0x00000000d0800000| Complete 
| 265|0x00000000d0900000, 0x00000000d0a00000, 0x00000000d0a00000|100%| E|CS|TAMS 0x00000000d0900000, 0x00000000d0900000| Complete 
| 266|0x00000000d0a00000, 0x00000000d0b00000, 0x00000000d0b00000|100%| E|CS|TAMS 0x00000000d0a00000, 0x00000000d0a00000| Complete 
| 267|0x00000000d0b00000, 0x00000000d0c00000, 0x00000000d0c00000|100%| E|CS|TAMS 0x00000000d0b00000, 0x00000000d0b00000| Complete 
| 268|0x00000000d0c00000, 0x00000000d0d00000, 0x00000000d0d00000|100%| E|CS|TAMS 0x00000000d0c00000, 0x00000000d0c00000| Complete 
| 269|0x00000000d0d00000, 0x00000000d0e00000, 0x00000000d0e00000|100%| E|CS|TAMS 0x00000000d0d00000, 0x00000000d0d00000| Complete 
| 270|0x00000000d0e00000, 0x00000000d0f00000, 0x00000000d0f00000|100%| E|CS|TAMS 0x00000000d0e00000, 0x00000000d0e00000| Complete 
| 271|0x00000000d0f00000, 0x00000000d1000000, 0x00000000d1000000|100%| E|CS|TAMS 0x00000000d0f00000, 0x00000000d0f00000| Complete 
| 272|0x00000000d1000000, 0x00000000d1100000, 0x00000000d1100000|100%| E|CS|TAMS 0x00000000d1000000, 0x00000000d1000000| Complete 
| 273|0x00000000d1100000, 0x00000000d1200000, 0x00000000d1200000|100%| E|CS|TAMS 0x00000000d1100000, 0x00000000d1100000| Complete 
| 274|0x00000000d1200000, 0x00000000d1300000, 0x00000000d1300000|100%| E|CS|TAMS 0x00000000d1200000, 0x00000000d1200000| Complete 
| 275|0x00000000d1300000, 0x00000000d1400000, 0x00000000d1400000|100%| E|CS|TAMS 0x00000000d1300000, 0x00000000d1300000| Complete 
| 276|0x00000000d1400000, 0x00000000d1500000, 0x00000000d1500000|100%| E|CS|TAMS 0x00000000d1400000, 0x00000000d1400000| Complete 
| 277|0x00000000d1500000, 0x00000000d1600000, 0x00000000d1600000|100%| E|CS|TAMS 0x00000000d1500000, 0x00000000d1500000| Complete 
| 278|0x00000000d1600000, 0x00000000d1700000, 0x00000000d1700000|100%| E|CS|TAMS 0x00000000d1600000, 0x00000000d1600000| Complete 

Card table byte_map: [0x000000001bba0000,0x000000001bda0000] _byte_map_base: 0x000000001b5a0000

Marking Bits (Prev, Next): (CMBitMap*) 0x00000000042ea9e8, (CMBitMap*) 0x00000000042eaa28
 Prev Bits: [0x000000001bfa0000, 0x000000001cfa0000)
 Next Bits: [0x000000001cfa0000, 0x000000001dfa0000)

Polling page: 0x0000000002a10000

Metaspace:

Usage:
  Non-class:    126.65 MB capacity,   119.51 MB ( 94%) used,     6.81 MB (  5%) free+waste,   339.50 KB ( <1%) overhead. 
      Class:     19.20 MB capacity,    15.65 MB ( 82%) used,     3.38 MB ( 18%) free+waste,   172.94 KB ( <1%) overhead. 
       Both:    145.85 MB capacity,   135.16 MB ( 93%) used,    10.19 MB (  7%) free+waste,   512.44 KB ( <1%) overhead. 

Virtual space:
  Non-class space:      128.00 MB reserved,     126.66 MB ( 99%) committed 
      Class space:        1.00 GB reserved,      19.32 MB (  2%) committed 
             Both:        1.13 GB reserved,     145.99 MB ( 13%) committed 

Chunk freelists:
   Non-Class:  1.50 KB
       Class:  2.50 KB
        Both:  4.00 KB

CodeHeap 'non-profiled nmethods': size=120000Kb used=14057Kb max_used=14057Kb free=105942Kb
 bounds [0x0000000014140000, 0x0000000014f00000, 0x000000001b670000]
CodeHeap 'profiled nmethods': size=120000Kb used=42811Kb max_used=43183Kb free=77188Kb
 bounds [0x000000000cc10000, 0x000000000f6b0000, 0x0000000014140000]
CodeHeap 'non-nmethods': size=5760Kb used=1624Kb max_used=1677Kb free=4135Kb
 bounds [0x000000000c670000, 0x000000000c8e0000, 0x000000000cc10000]
 total_blobs=29510 nmethods=17414 adapters=1064
 compilation: enabled
              stopped_count=0, restarted_count=0
 full_count=0

Compilation events (10 events):
Event: 230.744 Thread 0x0000000020d1e800 nmethod 22127 0x000000000e29ad10 code [0x000000000e29aec0, 0x000000000e29b0b8]
Event: 231.104 Thread 0x0000000020d0b000 22128       4       org.eclipse.e4.core.internal.contexts.EclipseContext::invalidate (234 bytes)
Event: 231.107 Thread 0x0000000020d1e800 22130       3       org.eclipse.ui.actions.RetargetAction::propagateChange (107 bytes)
Event: 231.107 Thread 0x0000000020d1e800 nmethod 22130 0x000000000ec1b810 code [0x000000000ec1bac0, 0x000000000ec1ca60]
Event: 231.110 Thread 0x0000000020d1e800 22131  s    3       org.eclipse.e4.core.internal.contexts.WeakGroupedListenerList::remove (60 bytes)
Event: 231.110 Thread 0x0000000020d1e800 nmethod 22131 0x000000000ebbe890 code [0x000000000ebbeb00, 0x000000000ebbf830]
Event: 231.113 Thread 0x0000000020d1e800 22134       3       org.eclipse.ui.internal.expressions.WorkbenchWindowExpression::evaluate (35 bytes)
Event: 231.113 Thread 0x0000000020d1e800 nmethod 22134 0x000000000e3da790 code [0x000000000e3da980, 0x000000000e3dad60]
Event: 231.114 Thread 0x0000000020d1e800 22135   !   3       java.util.Collections$SynchronizedMap::remove (25 bytes)
Event: 231.114 Thread 0x0000000020d1e800 nmethod 22135 0x000000000e42a590 code [0x000000000e42a760, 0x000000000e42ab70]

GC Heap History (10 events):
Event: 188.070 GC heap before
{Heap before GC invocations=60 (full 0):
 garbage-first heap   total 278528K, used 179205K [0x00000000c0000000, 0x0000000100000000)
  region size 1024K, 23 young (23552K), 2 survivors (2048K)
 Metaspace       used 137263K, capacity 148173K, committed 148340K, reserved 1177600K
  class space    used 15968K, capacity 19592K, committed 19660K, reserved 1048576K
}
Event: 188.073 GC heap after
{Heap after GC invocations=61 (full 0):
 garbage-first heap   total 278528K, used 157761K [0x00000000c0000000, 0x0000000100000000)
  region size 1024K, 2 young (2048K), 2 survivors (2048K)
 Metaspace       used 137263K, capacity 148173K, committed 148340K, reserved 1177600K
  class space    used 15968K, capacity 19592K, committed 19660K, reserved 1048576K
}
Event: 194.788 GC heap before
{Heap before GC invocations=62 (full 0):
 garbage-first heap   total 278528K, used 181313K [0x00000000c0000000, 0x0000000100000000)
  region size 1024K, 25 young (25600K), 2 survivors (2048K)
 Metaspace       used 137342K, capacity 148238K, committed 148340K, reserved 1177600K
  class space    used 15968K, capacity 19592K, committed 19660K, reserved 1048576K
}
Event: 194.791 GC heap after
{Heap after GC invocations=63 (full 0):
 garbage-first heap   total 278528K, used 157766K [0x00000000c0000000, 0x0000000100000000)
  region size 1024K, 2 young (2048K), 2 survivors (2048K)
 Metaspace       used 137342K, capacity 148238K, committed 148340K, reserved 1177600K
  class space    used 15968K, capacity 19592K, committed 19660K, reserved 1048576K
}
Event: 198.443 GC heap before
{Heap before GC invocations=64 (full 0):
 garbage-first heap   total 278528K, used 178246K [0x00000000c0000000, 0x0000000100000000)
  region size 1024K, 22 young (22528K), 2 survivors (2048K)
 Metaspace       used 137498K, capacity 148405K, committed 148596K, reserved 1177600K
  class space    used 15980K, capacity 19625K, committed 19660K, reserved 1048576K
}
Event: 198.446 GC heap after
{Heap after GC invocations=65 (full 0):
 garbage-first heap   total 278528K, used 158960K [0x00000000c0000000, 0x0000000100000000)
  region size 1024K, 3 young (3072K), 3 survivors (3072K)
 Metaspace       used 137498K, capacity 148405K, committed 148596K, reserved 1177600K
  class space    used 15980K, capacity 19625K, committed 19660K, reserved 1048576K
}
Event: 209.753 GC heap before
{Heap before GC invocations=66 (full 0):
 garbage-first heap   total 285696K, used 199920K [0x00000000c0000000, 0x0000000100000000)
  region size 1024K, 39 young (39936K), 3 survivors (3072K)
 Metaspace       used 137956K, capacity 148824K, committed 148980K, reserved 1179648K
  class space    used 16021K, capacity 19657K, committed 19788K, reserved 1048576K
}
Event: 209.756 GC heap after
{Heap after GC invocations=67 (full 0):
 garbage-first heap   total 285696K, used 159610K [0x00000000c0000000, 0x0000000100000000)
  region size 1024K, 3 young (3072K), 3 survivors (3072K)
 Metaspace       used 137956K, capacity 148824K, committed 148980K, reserved 1179648K
  class space    used 16021K, capacity 19657K, committed 19788K, reserved 1048576K
}
Event: 217.983 GC heap before
{Heap before GC invocations=68 (full 0):
 garbage-first heap   total 285696K, used 179066K [0x00000000c0000000, 0x0000000100000000)
  region size 1024K, 22 young (22528K), 3 survivors (3072K)
 Metaspace       used 138126K, capacity 149087K, committed 149236K, reserved 1179648K
  class space    used 16023K, capacity 19658K, committed 19788K, reserved 1048576K
}
Event: 217.987 GC heap after
{Heap after GC invocations=69 (full 0):
 garbage-first heap   total 285696K, used 158612K [0x00000000c0000000, 0x0000000100000000)
  region size 1024K, 3 young (3072K), 3 survivors (3072K)
 Metaspace       used 138126K, capacity 149087K, committed 149236K, reserved 1179648K
  class space    used 16023K, capacity 19658K, committed 19788K, reserved 1048576K
}

Deoptimization events (10 events):
Event: 210.735 Thread 0x00000000042bb000 Uncommon trap: reason=class_check action=maybe_recompile pc=0x0000000014eb00ec method=java.lang.reflect.Array.newInstance(Ljava/lang/Class;I)Ljava/lang/Object; @ 2 c2
Event: 210.735 Thread 0x00000000042bb000 Uncommon trap: reason=class_check action=maybe_recompile pc=0x0000000014eb00ec method=java.lang.reflect.Array.newInstance(Ljava/lang/Class;I)Ljava/lang/Object; @ 2 c2
Event: 219.376 Thread 0x00000000042bb000 Uncommon trap: reason=class_check action=maybe_recompile pc=0x0000000014c10268 method=org.eclipse.swt.widgets.Composite.wmNotify(Lorg/eclipse/swt/internal/win32/NMHDR;JJ)Lorg/eclipse/swt/internal/win32/LRESULT; @ 184 c2
Event: 221.278 Thread 0x000000002d994800 Uncommon trap: reason=bimorphic_or_optimized_type_check action=maybe_recompile pc=0x0000000014252068 method=java.util.Collections$SynchronizedCollection.contains(Ljava/lang/Object;)Z @ 12 c2
Event: 223.609 Thread 0x000000002d992800 Uncommon trap: reason=unstable_if action=reinterpret pc=0x00000000146f66e0 method=org.eclipse.jdt.internal.compiler.util.HashtableOfObject.putUnsafely([CLjava/lang/Object;)V @ 70 c2
Event: 223.711 Thread 0x000000002d996000 Uncommon trap: reason=bimorphic_or_optimized_type_check action=maybe_recompile pc=0x00000000147f18ec method=org.eclipse.jdt.internal.compiler.lookup.ModuleBinding.completeIfNeeded(Lorg/eclipse/jdt/internal/compiler/env/IUpdatableModule$UpdateKind;)V @ 47 
Event: 223.714 Thread 0x000000003637f800 Uncommon trap: reason=bimorphic_or_optimized_type_check action=maybe_recompile pc=0x000000001470636c method=org.eclipse.jdt.internal.compiler.lookup.LookupEnvironment.getCachedType([[C)Lorg/eclipse/jdt/internal/compiler/lookup/ReferenceBinding; @ 21 c2
Event: 223.739 Thread 0x000000003637e000 Uncommon trap: reason=unstable_if action=reinterpret pc=0x0000000014246c98 method=java.lang.AbstractStringBuilder.isLatin1()Z @ 10 c2
Event: 224.115 Thread 0x00000000042bb000 Uncommon trap: reason=unstable_if action=reinterpret pc=0x0000000014d23378 method=org.eclipse.swt.widgets.Widget.setInputState(Lorg/eclipse/swt/widgets/Event;I)Z @ 43 c2
Event: 231.116 Thread 0x00000000042bb000 Uncommon trap: reason=class_check action=maybe_recompile pc=0x0000000014d724a0 method=org.eclipse.swt.widgets.TypedListener.handleEvent(Lorg/eclipse/swt/widgets/Event;)V @ 526 c2

Classes redefined (0 events):
No events

Internal exceptions (10 events):
Event: 209.720 Thread 0x00000000042bb000 Exception <a 'java/lang/ArrayIndexOutOfBoundsException'{0x00000000cf2b4948}> (0x00000000cf2b4948) thrown at [t:/workspace/open/src/hotspot/share/runtime/sharedRuntime.cpp, line 585]
Event: 209.720 Thread 0x00000000042bb000 Exception <a 'java/lang/ArrayIndexOutOfBoundsException'{0x00000000cf2b51b8}> (0x00000000cf2b51b8) thrown at [t:/workspace/open/src/hotspot/share/runtime/sharedRuntime.cpp, line 585]
Event: 209.720 Thread 0x00000000042bb000 Exception <a 'java/lang/ArrayIndexOutOfBoundsException'{0x00000000cf2b5a28}> (0x00000000cf2b5a28) thrown at [t:/workspace/open/src/hotspot/share/runtime/sharedRuntime.cpp, line 585]
Event: 209.720 Thread 0x00000000042bb000 Exception <a 'java/lang/ArrayIndexOutOfBoundsException'{0x00000000cf2b6298}> (0x00000000cf2b6298) thrown at [t:/workspace/open/src/hotspot/share/runtime/sharedRuntime.cpp, line 585]
Event: 209.720 Thread 0x00000000042bb000 Exception <a 'java/lang/ArrayIndexOutOfBoundsException'{0x00000000cf2b6b50}> (0x00000000cf2b6b50) thrown at [t:/workspace/open/src/hotspot/share/runtime/sharedRuntime.cpp, line 585]
Event: 209.720 Thread 0x00000000042bb000 Exception <a 'java/lang/ArrayIndexOutOfBoundsException'{0x00000000cf2b73c0}> (0x00000000cf2b73c0) thrown at [t:/workspace/open/src/hotspot/share/runtime/sharedRuntime.cpp, line 585]
Event: 209.720 Thread 0x00000000042bb000 Exception <a 'java/lang/ArrayIndexOutOfBoundsException'{0x00000000cf2b7c30}> (0x00000000cf2b7c30) thrown at [t:/workspace/open/src/hotspot/share/runtime/sharedRuntime.cpp, line 585]
Event: 209.720 Thread 0x00000000042bb000 Exception <a 'java/lang/ArrayIndexOutOfBoundsException'{0x00000000cf2b84a0}> (0x00000000cf2b84a0) thrown at [t:/workspace/open/src/hotspot/share/runtime/sharedRuntime.cpp, line 585]
Event: 223.599 Thread 0x00000000042bb000 Exception <a 'sun/nio/fs/WindowsException'{0x00000000cf691328}> (0x00000000cf691328) thrown at [t:/workspace/open/src/hotspot/share/prims/jni.cpp, line 615]
Event: 229.284 Thread 0x0000000036388800 Exception <a 'java/lang/InterruptedException'{0x00000000ceaa2cd0}> (0x00000000ceaa2cd0) thrown at [t:/workspace/open/src/hotspot/share/runtime/objectMonitor.cpp, line 1394]

Events (10 events):
Event: 229.285 Executing VM operation: RevokeBias done
Event: 229.291 Executing VM operation: RevokeBias
Event: 229.291 Executing VM operation: RevokeBias done
Event: 231.112 Thread 0x00000000042bb000 DEOPT PACKING pc=0x000000000d795beb sp=0x0000000000cfd4e0
Event: 231.112 Thread 0x00000000042bb000 DEOPT UNPACKING pc=0x000000000c6999ce sp=0x0000000000cfca30 mode 0
Event: 231.114 Thread 0x00000000042bb000 DEOPT PACKING pc=0x000000000d795beb sp=0x0000000000cfd4e0
Event: 231.114 Thread 0x00000000042bb000 DEOPT UNPACKING pc=0x000000000c6999ce sp=0x0000000000cfca30 mode 0
Event: 231.116 Thread 0x00000000042bb000 Uncommon trap: trap_request=0xffffffde fr.pc=0x0000000014d724a0 relative=0x0000000000004220
Event: 231.116 Thread 0x00000000042bb000 DEOPT PACKING pc=0x0000000014d724a0 sp=0x0000000000cfc750
Event: 231.116 Thread 0x00000000042bb000 DEOPT UNPACKING pc=0x000000000c699baf sp=0x0000000000cfc738 mode 2


Dynamic libraries:
0x00007ff602920000 - 0x00007ff60298a000 	C:\Users\Flo\Documents\Ephec\2me\Java\eclipse\eclipse.exe
0x00007ffccce00000 - 0x00007ffcccff0000 	C:\WINDOWS\SYSTEM32\ntdll.dll
0x00007ffccaeb0000 - 0x00007ffccaf62000 	C:\WINDOWS\System32\KERNEL32.DLL
0x00007ffcca1e0000 - 0x00007ffcca483000 	C:\WINDOWS\System32\KERNELBASE.dll
0x00007ffcccc20000 - 0x00007ffcccdb4000 	C:\WINDOWS\System32\USER32.dll
0x00007ffccac10000 - 0x00007ffccac31000 	C:\WINDOWS\System32\win32u.dll
0x00007ffccbff0000 - 0x00007ffccc016000 	C:\WINDOWS\System32\GDI32.dll
0x00007ffccac40000 - 0x00007ffccadd4000 	C:\WINDOWS\System32\gdi32full.dll
0x00007ffccade0000 - 0x00007ffccae7e000 	C:\WINDOWS\System32\msvcp_win.dll
0x00007ffcc9f60000 - 0x00007ffcca05a000 	C:\WINDOWS\System32\ucrtbase.dll
0x00007ffcc0cf0000 - 0x00007ffcc0f75000 	C:\WINDOWS\WinSxS\amd64_microsoft.windows.common-controls_6595b64144ccf1df_6.0.18362.535_none_e6c3b34713100821\COMCTL32.dll
0x00007ffccb3f0000 - 0x00007ffccb48e000 	C:\WINDOWS\System32\msvcrt.dll
0x00007ffccbc00000 - 0x00007ffccbf36000 	C:\WINDOWS\System32\combase.dll
0x00007ffccb7d0000 - 0x00007ffccb8f0000 	C:\WINDOWS\System32\RPCRT4.dll
0x00007ffcc9d90000 - 0x00007ffcc9e10000 	C:\WINDOWS\System32\bcryptPrimitives.dll
0x00007ffccbf40000 - 0x00007ffccbf6e000 	C:\WINDOWS\System32\IMM32.DLL
0x00007ffcb6d60000 - 0x00007ffcb6d89000 	C:\Users\Flo\Documents\Ephec\2me\Java\eclipse\plugins\org.eclipse.equinox.launcher.win32.win32.x86_64_1.1.1100.v20190907-0426\eclipse_1902.dll
0x00007ffccbb50000 - 0x00007ffccbbf3000 	C:\WINDOWS\System32\ADVAPI32.dll
0x00007ffccbab0000 - 0x00007ffccbb47000 	C:\WINDOWS\System32\sechost.dll
0x00007ffcc4c70000 - 0x00007ffcc4c7a000 	C:\WINDOWS\SYSTEM32\VERSION.dll
0x00007ffcc7b80000 - 0x00007ffcc7c19000 	C:\WINDOWS\system32\uxtheme.dll
0x00007ffccb500000 - 0x00007ffccb635000 	C:\WINDOWS\System32\MSCTF.dll
0x00007ffccb700000 - 0x00007ffccb7c4000 	C:\WINDOWS\System32\OLEAUT32.dll
0x00007ffcc9ce0000 - 0x00007ffcc9cf1000 	C:\WINDOWS\System32\kernel.appcore.dll
0x00007ffcc1660000 - 0x00007ffcc16fe000 	C:\WINDOWS\System32\TextInputFramework.dll
0x00007ffcc4ec0000 - 0x00007ffcc51ea000 	C:\WINDOWS\System32\CoreUIComponents.dll
0x00007ffcc7830000 - 0x00007ffcc7904000 	C:\WINDOWS\System32\CoreMessaging.dll
0x00007ffccc9c0000 - 0x00007ffccca69000 	C:\WINDOWS\System32\SHCORE.dll
0x00007ffcc8d30000 - 0x00007ffcc8d61000 	C:\WINDOWS\SYSTEM32\ntmarta.dll
0x00007ffcc5970000 - 0x00007ffcc5ac3000 	C:\WINDOWS\SYSTEM32\wintypes.dll
0x00007ffcbb370000 - 0x00007ffcbb616000 	C:\WINDOWS\System32\iertutil.dll
0x00007ffc754c0000 - 0x00007ffc76037000 	C:\Users\Flo\Documents\Ephec\2me\Java\eclipse\jre\bin\server\jvm.dll
0x00007ffccc090000 - 0x00007ffccc098000 	C:\WINDOWS\System32\PSAPI.DLL
0x00007ffcc6090000 - 0x00007ffcc60b4000 	C:\WINDOWS\SYSTEM32\WINMM.dll
0x00007ffcb0890000 - 0x00007ffcb0899000 	C:\WINDOWS\SYSTEM32\WSOCK32.dll
0x00007ffcba440000 - 0x00007ffcba455000 	C:\WINDOWS\SYSTEM32\VCRUNTIME140.dll
0x00007ffccc020000 - 0x00007ffccc08f000 	C:\WINDOWS\System32\WS2_32.dll
0x00007ffcc6050000 - 0x00007ffcc607d000 	C:\WINDOWS\SYSTEM32\WINMMBASE.dll
0x00007ffcca060000 - 0x00007ffcca0aa000 	C:\WINDOWS\System32\cfgmgr32.dll
0x00007ffcb6460000 - 0x00007ffcb6471000 	C:\Users\Flo\Documents\Ephec\2me\Java\eclipse\jre\bin\verify.dll
0x00007ffcc7d50000 - 0x00007ffcc7f44000 	C:\WINDOWS\SYSTEM32\DBGHELP.DLL
0x00007ffcba130000 - 0x00007ffcba15a000 	C:\WINDOWS\SYSTEM32\dbgcore.DLL
0x00007ffcb5e80000 - 0x00007ffcb5ea6000 	C:\Users\Flo\Documents\Ephec\2me\Java\eclipse\jre\bin\java.dll
0x00007ffcb6340000 - 0x00007ffcb6357000 	C:\Users\Flo\Documents\Ephec\2me\Java\eclipse\jre\bin\zip.dll
0x00007ffcc65e0000 - 0x00007ffcc65ea000 	C:\Users\Flo\Documents\Ephec\2me\Java\eclipse\jre\bin\jimage.dll
0x00007ffccc250000 - 0x00007ffccc935000 	C:\WINDOWS\System32\SHELL32.dll
0x00007ffcca490000 - 0x00007ffccac0f000 	C:\WINDOWS\System32\windows.storage.dll
0x00007ffcc9d00000 - 0x00007ffcc9d1f000 	C:\WINDOWS\System32\profapi.dll
0x00007ffcc9d40000 - 0x00007ffcc9d8a000 	C:\WINDOWS\System32\powrprof.dll
0x00007ffcc9cd0000 - 0x00007ffcc9ce0000 	C:\WINDOWS\System32\UMPDC.dll
0x00007ffccca70000 - 0x00007ffcccac2000 	C:\WINDOWS\System32\shlwapi.dll
0x00007ffcca110000 - 0x00007ffcca127000 	C:\WINDOWS\System32\cryptsp.dll
0x00007ffcb5f90000 - 0x00007ffcb5fa9000 	C:\Users\Flo\Documents\Ephec\2me\Java\eclipse\jre\bin\net.dll
0x00007ffcc1270000 - 0x00007ffcc1360000 	C:\WINDOWS\SYSTEM32\WINHTTP.dll
0x00007ffcbb620000 - 0x00007ffcbb7f6000 	C:\WINDOWS\SYSTEM32\urlmon.dll
0x00007ffcc9710000 - 0x00007ffcc971c000 	C:\WINDOWS\SYSTEM32\CRYPTBASE.DLL
0x00007ffcc9540000 - 0x00007ffcc95a7000 	C:\WINDOWS\system32\mswsock.dll
0x00007ffcb5520000 - 0x00007ffcb5533000 	C:\Users\Flo\Documents\Ephec\2me\Java\eclipse\jre\bin\nio.dll
0x00007ffcc90b0000 - 0x00007ffcc90e3000 	C:\WINDOWS\system32\rsaenh.dll
0x00007ffccae80000 - 0x00007ffccaea6000 	C:\WINDOWS\System32\bcrypt.dll
0x00007ffcc9bc0000 - 0x00007ffcc9be5000 	C:\WINDOWS\SYSTEM32\USERENV.dll
0x00007ffcc9250000 - 0x00007ffcc928a000 	C:\WINDOWS\SYSTEM32\IPHLPAPI.DLL
0x00007ffccaf70000 - 0x00007ffccaf78000 	C:\WINDOWS\System32\NSI.dll
0x00007ffcc3cb0000 - 0x00007ffcc3cc6000 	C:\WINDOWS\SYSTEM32\dhcpcsvc6.DLL
0x00007ffcc3c90000 - 0x00007ffcc3cac000 	C:\WINDOWS\SYSTEM32\dhcpcsvc.DLL
0x00007ffcc9290000 - 0x00007ffcc935a000 	C:\WINDOWS\SYSTEM32\DNSAPI.dll
0x00007ffcaf650000 - 0x00007ffcaf6e6000 	C:\Users\Flo\Documents\Ephec\2me\Java\eclipse\configuration\org.eclipse.osgi\381\0\.cp\swt-win32-4928r15.dll
0x00007ffccb950000 - 0x00007ffccbaa6000 	C:\WINDOWS\System32\ole32.dll
0x00007ffcccad0000 - 0x00007ffcccba0000 	C:\WINDOWS\System32\COMDLG32.dll
0x00007ffcc9e10000 - 0x00007ffcc9f59000 	C:\WINDOWS\System32\CRYPT32.dll
0x00007ffcc9d20000 - 0x00007ffcc9d32000 	C:\WINDOWS\System32\MSASN1.dll
0x00007ffcc11a0000 - 0x00007ffcc1229000 	C:\WINDOWS\SYSTEM32\WINSPOOL.DRV
0x00007ffc8e400000 - 0x00007ffc8e419000 	C:\WINDOWS\SYSTEM32\USP10.dll
0x00007ffcbcc10000 - 0x00007ffcbd0e6000 	C:\WINDOWS\SYSTEM32\WININET.dll
0x00007ffcc5820000 - 0x00007ffcc590f000 	C:\WINDOWS\SYSTEM32\PROPSYS.dll
0x00007ffcc1230000 - 0x00007ffcc1237000 	C:\WINDOWS\SYSTEM32\MSIMG32.dll
0x00007ffccb640000 - 0x00007ffccb6e2000 	C:\WINDOWS\System32\clbcatq.dll
0x00007ffcac940000 - 0x00007ffcac94d000 	C:\WINDOWS\SYSTEM32\LINKINFO.dll
0x00007ffca85b0000 - 0x00007ffca8745000 	C:\Windows\System32\TaskFlowDataEngine.dll
0x00007ffcba9b0000 - 0x00007ffcbaef5000 	C:\Windows\System32\cdp.dll
0x00007ffcc5e40000 - 0x00007ffcc5f0f000 	C:\Windows\System32\dsreg.dll
0x00007ffcc5d90000 - 0x00007ffcc5e1a000 	C:\Windows\System32\msvcp110_win.dll
0x00007ffcacdd0000 - 0x00007ffcace49000 	C:\Windows\System32\OneCoreCommonProxyStub.dll
0x00007ffcb3e60000 - 0x00007ffcb3e86000 	C:\Users\Flo\Documents\Ephec\2me\Java\eclipse\configuration\org.eclipse.osgi\381\0\.cp\swt-gdip-win32-4928r15.dll
0x00007ffcc0f80000 - 0x00007ffcc1123000 	C:\WINDOWS\WinSxS\amd64_microsoft.windows.gdiplus_6595b64144ccf1df_1.1.18362.535_none_17aea62c6da281ef\gdiplus.dll
0x00007ffcc4ab0000 - 0x00007ffcc4c5f000 	C:\WINDOWS\SYSTEM32\WindowsCodecs.dll
0x00007ffcc0c20000 - 0x00007ffcc0c85000 	C:\WINDOWS\SYSTEM32\oleacc.dll
0x0000000180000000 - 0x0000000180012000 	C:\Users\Flo\Documents\Ephec\2me\Java\eclipse\configuration\org.eclipse.osgi\87\0\.cp\os\win32\x86_64\localfile_1_0_0.dll
0x00007ffcaa0d0000 - 0x00007ffcaa0e6000 	C:\WINDOWS\system32\napinsp.dll
0x00007ffcaa130000 - 0x00007ffcaa14a000 	C:\WINDOWS\system32\pnrpnsp.dll
0x00007ffcaea60000 - 0x00007ffcaea6e000 	C:\WINDOWS\System32\winrnr.dll
0x00007ffcc64f0000 - 0x00007ffcc650c000 	C:\WINDOWS\system32\NLAapi.dll
0x00007ffcac960000 - 0x00007ffcac975000 	C:\WINDOWS\system32\wshbth.dll
0x00007ffcbe5c0000 - 0x00007ffcbe5ca000 	C:\Windows\System32\rasadhlp.dll
0x00007ffcc2f70000 - 0x00007ffcc2fe7000 	C:\WINDOWS\System32\fwpuclnt.dll
0x00007ffcb5250000 - 0x00007ffcb5261000 	C:\Users\Flo\Documents\Ephec\2me\Java\eclipse\configuration\org.eclipse.osgi\90\0\.cp\jWinHttp-1.0.0.dll
0x00007ffcc64e0000 - 0x00007ffcc64ee000 	C:\Users\Flo\Documents\Ephec\2me\Java\eclipse\jre\bin\sunmscapi.dll
0x00007ffcc9810000 - 0x00007ffcc9836000 	C:\WINDOWS\SYSTEM32\ncrypt.dll
0x00007ffcc97d0000 - 0x00007ffcc980b000 	C:\WINDOWS\SYSTEM32\NTASN1.dll
0x00007ffcb3e30000 - 0x00007ffcb3e57000 	C:\Users\Flo\Documents\Ephec\2me\Java\eclipse\jre\bin\sunec.dll
0x00007ffcab3c0000 - 0x00007ffcab3fa000 	C:\WINDOWS\system32\dataexchange.dll
0x00007ffcc7080000 - 0x00007ffcc72db000 	C:\WINDOWS\system32\d3d11.dll
0x00007ffcc72e0000 - 0x00007ffcc74bb000 	C:\WINDOWS\system32\dcomp.dll
0x00007ffcc89d0000 - 0x00007ffcc8abb000 	C:\WINDOWS\system32\dxgi.dll
0x00007ffcc89b0000 - 0x00007ffcc89d0000 	C:\WINDOWS\SYSTEM32\dxcore.dll
0x00007ffcc8120000 - 0x00007ffcc837a000 	C:\WINDOWS\system32\twinapi.appcore.dll
0x00007ffcc8580000 - 0x00007ffcc85a9000 	C:\WINDOWS\system32\RMCLIENT.dll
0x00007ffca8160000 - 0x00007ffca81a1000 	C:\WINDOWS\system32\mlang.dll
0x00007ffcb1800000 - 0x00007ffcb1afe000 	C:\WINDOWS\SYSTEM32\DWrite.dll
0x00007ffcaa820000 - 0x00007ffcaaa25000 	C:\WINDOWS\system32\explorerframe.dll
0x00007ffca90f0000 - 0x00007ffca916e000 	C:\WINDOWS\SYSTEM32\ntshrui.dll
0x00007ffcc9bf0000 - 0x00007ffcc9c1f000 	C:\WINDOWS\SYSTEM32\SspiCli.dll
0x00007ffcba500000 - 0x00007ffcba526000 	C:\WINDOWS\SYSTEM32\srvcli.dll
0x00007ffca9060000 - 0x00007ffca9072000 	C:\WINDOWS\SYSTEM32\cscapi.dll
0x00007ffcc4c80000 - 0x00007ffcc4d06000 	C:\WINDOWS\SYSTEM32\policymanager.dll
0x00007ffc95930000 - 0x00007ffc95acf000 	C:\Users\Flo\Documents\Ephec\2me\Java\eclipse\jre\bin\awt.dll
0x00007ffcb9b60000 - 0x00007ffcb9bfb000 	C:\WINDOWS\SYSTEM32\MSVCP140.dll
0x00007ffcc6660000 - 0x00007ffcc6c20000 	C:\WINDOWS\SYSTEM32\d2d1.dll
0x00007ffcc7a40000 - 0x00007ffcc7acf000 	C:\WINDOWS\SYSTEM32\apphelp.dll
0x00007ffcc8470000 - 0x00007ffcc849d000 	C:\WINDOWS\system32\DWMAPI.DLL
0x00007ffc8bf70000 - 0x00007ffc8c0c6000 	C:\WINDOWS\system32\opengl32.dll
0x00007ffcb3170000 - 0x00007ffcb319c000 	C:\WINDOWS\SYSTEM32\GLU32.dll
0x00007ffcc26e0000 - 0x00007ffcc28a7000 	C:\WINDOWS\system32\d3d9.dll
0x00007ffcc1c30000 - 0x00007ffcc1d1e000 	C:\WINDOWS\System32\DriverStore\FileRepository\nv_dispi.inf_amd64_90685a092bcf58c7\nvldumdx.dll
0x00007ffcca0b0000 - 0x00007ffcca10c000 	C:\WINDOWS\System32\WINTRUST.DLL
0x00007ffccbfd0000 - 0x00007ffccbfed000 	C:\WINDOWS\System32\imagehlp.dll
0x00007ffc74020000 - 0x00007ffc754bb000 	C:\WINDOWS\System32\DriverStore\FileRepository\nv_dispi.inf_amd64_90685a092bcf58c7\nvd3dumx.dll
0x00007ffca2350000 - 0x00007ffca2614000 	C:\WINDOWS\system32\nvspcap64.dll

dbghelp: loaded successfully - version: 4.0.5 - missing functions: none
symbol engine: initialized successfully - sym options: 0x614 - pdb path: .;C:\Users\Flo\Documents\Ephec\2me\Java\eclipse;C:\WINDOWS\SYSTEM32;C:\WINDOWS\WinSxS\amd64_microsoft.windows.common-controls_6595b64144ccf1df_6.0.18362.535_none_e6c3b34713100821;C:\Users\Flo\Documents\Ephec\2me\Java\eclipse\plugins\org.eclipse.equinox.launcher.win32.win32.x86_64_1.1.1100.v20190907-0426;C:\Users\Flo\Documents\Ephec\2me\Java\eclipse\jre\bin\server;C:\Users\Flo\Documents\Ephec\2me\Java\eclipse\jre\bin;C:\Users\Flo\Documents\Ephec\2me\Java\eclipse\configuration\org.eclipse.osgi\381\0\.cp;C:\WINDOWS\WinSxS\amd64_microsoft.windows.gdiplus_6595b64144ccf1df_1.1.18362.535_none_17aea62c6da281ef;C:\Users\Flo\Documents\Ephec\2me\Java\eclipse\configuration\org.eclipse.osgi\87\0\.cp\os\win32\x86_64;C:\Users\Flo\Documents\Ephec\2me\Java\eclipse\configuration\org.eclipse.osgi\90\0\.cp;C:\WINDOWS\System32\DriverStore\FileRepository\nv_dispi.inf_amd64_90685a092bcf58c7

VM Arguments:
jvm_args: -Dosgi.requiredJavaVersion=1.8 -Dosgi.instance.area.default=@user.home/eclipse-workspace -XX:+UseG1GC -XX:+UseStringDeduplication --add-modules=ALL-SYSTEM -Dosgi.requiredJavaVersion=1.8 -Dosgi.dataAreaRequiresExplicitInit=true -Xms256m -Xmx1024m --add-modules=ALL-SYSTEM 
java_command: <unknown>
java_class_path (initial): C:\Users\Flo\Documents\Ephec\2me\Java\eclipse\\plugins/org.eclipse.equinox.launcher_1.5.500.v20190715-1310.jar
Launcher Type: generic

[Global flags]
     intx CICompilerCount                          = 4                                         {product} {ergonomic}
     uint ConcGCThreads                            = 2                                         {product} {ergonomic}
     uint G1ConcRefinementThreads                  = 8                                         {product} {ergonomic}
   size_t G1HeapRegionSize                         = 1048576                                   {product} {ergonomic}
    uintx GCDrainStackTargetSize                   = 64                                        {product} {ergonomic}
   size_t InitialHeapSize                          = 268435456                                 {product} {command line}
   size_t MarkStackSize                            = 4194304                                   {product} {ergonomic}
   size_t MaxHeapSize                              = 1073741824                                {product} {command line}
   size_t MaxNewSize                               = 643825664                                 {product} {ergonomic}
   size_t MinHeapDeltaBytes                        = 1048576                                   {product} {ergonomic}
    uintx NonNMethodCodeHeapSize                   = 5836300                                {pd product} {ergonomic}
    uintx NonProfiledCodeHeapSize                  = 122910970                              {pd product} {ergonomic}
    uintx ProfiledCodeHeapSize                     = 122910970                              {pd product} {ergonomic}
    uintx ReservedCodeCacheSize                    = 251658240                              {pd product} {ergonomic}
     bool SegmentedCodeCache                       = true                                      {product} {ergonomic}
     bool UseCompressedClassPointers               = true                                 {lp64_product} {ergonomic}
     bool UseCompressedOops                        = true                                 {lp64_product} {ergonomic}
     bool UseG1GC                                  = true                                      {product} {command line}
     bool UseLargePagesIndividualAllocation        = false                                  {pd product} {ergonomic}
     bool UseStringDeduplication                   = true                                      {product} {command line}

Logging:
Log output configuration:
 #0: stdout all=warning uptime,level,tags
 #1: stderr all=off uptime,level,tags

Environment Variables:
PATH=C:\Program Files (x86)\Common Files\Oracle\Java\javapath;C:\Windows\system32;C:\Windows;C:\Windows\System32\Wbem;C:\Windows\System32\WindowsPowerShell\v1.0\;C:\Windows\System32\OpenSSH\;C:\Program Files\NVIDIA Corporation\NVIDIA NvDLISR;C:\Program Files (x86)\NVIDIA Corporation\PhysX\Common;C:\Program Files\PuTTY\;C:\WINDOWS\system32;C:\WINDOWS;C:\WINDOWS\System32\Wbem;C:\WINDOWS\System32\WindowsPowerShell\v1.0\;C:\WINDOWS\System32\OpenSSH\;C:\Program Files\SQL Anywhere 12\bin64;C:\Program Files\SQL Anywhere 12\bin32;C:\Program Files (x86)\SQL Anywhere 12\bin32;C:\Program Files\Git\cmd;C:\Program Files (x86)\git-cola\bin;C:\Users\Flo\AppData\Local\Programs\Python\Python37\Scripts\;C:\Users\Flo\AppData\Local\Programs\Python\Python37\;C:\Users\Flo\AppData\Local\Microsoft\WindowsApps;C:\Users\Flo\AppData\Local\GitHubDesktop\bin
USERNAME=Flo
OS=Windows_NT
PROCESSOR_IDENTIFIER=Intel64 Family 6 Model 158 Stepping 12, GenuineIntel



---------------  S Y S T E M  ---------------

OS: Windows 10 , 64 bit Build 18362 (10.0.18362.329)

CPU:total 8 (initial active 8) (8 cores per cpu, 1 threads per core) family 6 model 158 stepping 12, cmov, cx8, fxsr, mmx, sse, sse2, sse3, ssse3, sse4.1, sse4.2, popcnt, avx, avx2, aes, clmul, erms, rtm, 3dnowpref, lzcnt, tsc, tscinvbit, bmi1, bmi2, adx, fma

Memory: 4k page, system-wide physical 16318M (9394M free)
TotalPageFile size 18750M (AvailPageFile size 5552M)
current process WorkingSet (physical memory assigned to process): 694M, peak: 724M
current process commit charge ("private bytes"): 701M, peak: 729M

vm_info: Java HotSpot(TM) 64-Bit Server VM (12.0.2+10) for windows-amd64 JRE (12.0.2+10), built on Jul 16 2019 01:56:17 by "mach5one" with MS VC++ 15.5 (VS2017)

END.
